<?xml version="1.0" encoding="UTF-8"?>
<testsuites tests="840" failures="0" disabled="0" errors="0" timestamp="2019-04-22T11:59:54" time="1586.98" name="AllTests">
  <testsuite name="pcm_format_test" tests="28" failures="0" disabled="0" errors="0" time="0.103">
    <testcase name="constructor_default" status="run" time="0" classname="pcm_format_test" />
    <testcase name="constructor_throws_invalid_format" status="run" time="0.075" classname="pcm_format_test" />
    <testcase name="constructor_throws_invalid_bitwidth" status="run" time="0.011" classname="pcm_format_test" />
    <testcase name="constructor_throws_invalid_format_string" status="run" time="0.016" classname="pcm_format_test" />
    <testcase name="constructor_s8be" status="run" time="0" classname="pcm_format_test" />
    <testcase name="constructor_s8le" status="run" time="0" classname="pcm_format_test" />
    <testcase name="constructor_s16be" status="run" time="0" classname="pcm_format_test" />
    <testcase name="constructor_s16le" status="run" time="0" classname="pcm_format_test" />
    <testcase name="constructor_s24be" status="run" time="0" classname="pcm_format_test" />
    <testcase name="constructor_s24le" status="run" time="0" classname="pcm_format_test" />
    <testcase name="constructor_s32be" status="run" time="0" classname="pcm_format_test" />
    <testcase name="constructor_s32le" status="run" time="0" classname="pcm_format_test" />
    <testcase name="constructor_s64be" status="run" time="0" classname="pcm_format_test" />
    <testcase name="constructor_s64le" status="run" time="0" classname="pcm_format_test" />
    <testcase name="constructor_u8be" status="run" time="0" classname="pcm_format_test" />
    <testcase name="constructor_u8le" status="run" time="0" classname="pcm_format_test" />
    <testcase name="constructor_u16be" status="run" time="0" classname="pcm_format_test" />
    <testcase name="constructor_u16le" status="run" time="0" classname="pcm_format_test" />
    <testcase name="constructor_u24be" status="run" time="0" classname="pcm_format_test" />
    <testcase name="constructor_u24le" status="run" time="0" classname="pcm_format_test" />
    <testcase name="constructor_u32be" status="run" time="0" classname="pcm_format_test" />
    <testcase name="constructor_u32le" status="run" time="0" classname="pcm_format_test" />
    <testcase name="constructor_u64be" status="run" time="0" classname="pcm_format_test" />
    <testcase name="constructor_u64le" status="run" time="0" classname="pcm_format_test" />
    <testcase name="constructor_f32be" status="run" time="0" classname="pcm_format_test" />
    <testcase name="constructor_f32le" status="run" time="0" classname="pcm_format_test" />
    <testcase name="constructor_f64be" status="run" time="0" classname="pcm_format_test" />
    <testcase name="constructor_f64le" status="run" time="0" classname="pcm_format_test" />
  </testsuite>
  <testsuite name="uint8_to_all_pcm_types/pcm_convert_test/0" tests="1" failures="0" disabled="0" errors="0" time="0.046">
    <testcase name="convert_whole_range" type_param="from_to&lt;unsigned char, unsigned char&gt;" status="run" time="0.046" classname="uint8_to_all_pcm_types/pcm_convert_test/0" />
  </testsuite>
  <testsuite name="uint8_to_all_pcm_types/pcm_convert_test/1" tests="1" failures="0" disabled="0" errors="0" time="0.001">
    <testcase name="convert_whole_range" type_param="from_to&lt;unsigned char, unsigned short&gt;" status="run" time="0.001" classname="uint8_to_all_pcm_types/pcm_convert_test/1" />
  </testsuite>
  <testsuite name="uint8_to_all_pcm_types/pcm_convert_test/2" tests="1" failures="0" disabled="0" errors="0" time="0">
    <testcase name="convert_whole_range" type_param="from_to&lt;unsigned char, unsigned int&gt;" status="run" time="0" classname="uint8_to_all_pcm_types/pcm_convert_test/2" />
  </testsuite>
  <testsuite name="uint8_to_all_pcm_types/pcm_convert_test/3" tests="1" failures="0" disabled="0" errors="0" time="0.001">
    <testcase name="convert_whole_range" type_param="from_to&lt;unsigned char, unsigned long&gt;" status="run" time="0.001" classname="uint8_to_all_pcm_types/pcm_convert_test/3" />
  </testsuite>
  <testsuite name="uint8_to_all_pcm_types/pcm_convert_test/4" tests="1" failures="0" disabled="0" errors="0" time="0.001">
    <testcase name="convert_whole_range" type_param="from_to&lt;unsigned char, signed char&gt;" status="run" time="0.001" classname="uint8_to_all_pcm_types/pcm_convert_test/4" />
  </testsuite>
  <testsuite name="uint8_to_all_pcm_types/pcm_convert_test/5" tests="1" failures="0" disabled="0" errors="0" time="0.008">
    <testcase name="convert_whole_range" type_param="from_to&lt;unsigned char, short&gt;" status="run" time="0.008" classname="uint8_to_all_pcm_types/pcm_convert_test/5" />
  </testsuite>
  <testsuite name="uint8_to_all_pcm_types/pcm_convert_test/6" tests="1" failures="0" disabled="0" errors="0" time="0">
    <testcase name="convert_whole_range" type_param="from_to&lt;unsigned char, int&gt;" status="run" time="0" classname="uint8_to_all_pcm_types/pcm_convert_test/6" />
  </testsuite>
  <testsuite name="uint8_to_all_pcm_types/pcm_convert_test/7" tests="1" failures="0" disabled="0" errors="0" time="0">
    <testcase name="convert_whole_range" type_param="from_to&lt;unsigned char, long&gt;" status="run" time="0" classname="uint8_to_all_pcm_types/pcm_convert_test/7" />
  </testsuite>
  <testsuite name="uint8_to_all_pcm_types/pcm_convert_test/8" tests="1" failures="0" disabled="0" errors="0" time="0">
    <testcase name="convert_whole_range" type_param="from_to&lt;unsigned char, float&gt;" status="run" time="0" classname="uint8_to_all_pcm_types/pcm_convert_test/8" />
  </testsuite>
  <testsuite name="uint8_to_all_pcm_types/pcm_convert_test/9" tests="1" failures="0" disabled="0" errors="0" time="0">
    <testcase name="convert_whole_range" type_param="from_to&lt;unsigned char, double&gt;" status="run" time="0" classname="uint8_to_all_pcm_types/pcm_convert_test/9" />
  </testsuite>
  <testsuite name="uint16_to_all_pcm_types/pcm_convert_test/0" tests="1" failures="0" disabled="0" errors="0" time="0.001">
    <testcase name="convert_whole_range" type_param="from_to&lt;unsigned short, unsigned char&gt;" status="run" time="0.001" classname="uint16_to_all_pcm_types/pcm_convert_test/0" />
  </testsuite>
  <testsuite name="uint16_to_all_pcm_types/pcm_convert_test/1" tests="1" failures="0" disabled="0" errors="0" time="0.019">
    <testcase name="convert_whole_range" type_param="from_to&lt;unsigned short, unsigned short&gt;" status="run" time="0.019" classname="uint16_to_all_pcm_types/pcm_convert_test/1" />
  </testsuite>
  <testsuite name="uint16_to_all_pcm_types/pcm_convert_test/2" tests="1" failures="0" disabled="0" errors="0" time="0.019">
    <testcase name="convert_whole_range" type_param="from_to&lt;unsigned short, unsigned int&gt;" status="run" time="0.019" classname="uint16_to_all_pcm_types/pcm_convert_test/2" />
  </testsuite>
  <testsuite name="uint16_to_all_pcm_types/pcm_convert_test/3" tests="1" failures="0" disabled="0" errors="0" time="0.02">
    <testcase name="convert_whole_range" type_param="from_to&lt;unsigned short, unsigned long&gt;" status="run" time="0.02" classname="uint16_to_all_pcm_types/pcm_convert_test/3" />
  </testsuite>
  <testsuite name="uint16_to_all_pcm_types/pcm_convert_test/4" tests="1" failures="0" disabled="0" errors="0" time="0">
    <testcase name="convert_whole_range" type_param="from_to&lt;unsigned short, signed char&gt;" status="run" time="0" classname="uint16_to_all_pcm_types/pcm_convert_test/4" />
  </testsuite>
  <testsuite name="uint16_to_all_pcm_types/pcm_convert_test/5" tests="1" failures="0" disabled="0" errors="0" time="0.019">
    <testcase name="convert_whole_range" type_param="from_to&lt;unsigned short, short&gt;" status="run" time="0.019" classname="uint16_to_all_pcm_types/pcm_convert_test/5" />
  </testsuite>
  <testsuite name="uint16_to_all_pcm_types/pcm_convert_test/6" tests="1" failures="0" disabled="0" errors="0" time="0.02">
    <testcase name="convert_whole_range" type_param="from_to&lt;unsigned short, int&gt;" status="run" time="0.02" classname="uint16_to_all_pcm_types/pcm_convert_test/6" />
  </testsuite>
  <testsuite name="uint16_to_all_pcm_types/pcm_convert_test/7" tests="1" failures="0" disabled="0" errors="0" time="0.019">
    <testcase name="convert_whole_range" type_param="from_to&lt;unsigned short, long&gt;" status="run" time="0.019" classname="uint16_to_all_pcm_types/pcm_convert_test/7" />
  </testsuite>
  <testsuite name="uint16_to_all_pcm_types/pcm_convert_test/8" tests="1" failures="0" disabled="0" errors="0" time="0.02">
    <testcase name="convert_whole_range" type_param="from_to&lt;unsigned short, float&gt;" status="run" time="0.02" classname="uint16_to_all_pcm_types/pcm_convert_test/8" />
  </testsuite>
  <testsuite name="uint16_to_all_pcm_types/pcm_convert_test/9" tests="1" failures="0" disabled="0" errors="0" time="0.02">
    <testcase name="convert_whole_range" type_param="from_to&lt;unsigned short, double&gt;" status="run" time="0.02" classname="uint16_to_all_pcm_types/pcm_convert_test/9" />
  </testsuite>
  <testsuite name="uint32_to_all_pcm_types/pcm_convert_test/0" tests="1" failures="0" disabled="0" errors="0" time="0">
    <testcase name="convert_whole_range" type_param="from_to&lt;unsigned int, unsigned char&gt;" status="run" time="0" classname="uint32_to_all_pcm_types/pcm_convert_test/0" />
  </testsuite>
  <testsuite name="uint32_to_all_pcm_types/pcm_convert_test/1" tests="1" failures="0" disabled="0" errors="0" time="0.019">
    <testcase name="convert_whole_range" type_param="from_to&lt;unsigned int, unsigned short&gt;" status="run" time="0.019" classname="uint32_to_all_pcm_types/pcm_convert_test/1" />
  </testsuite>
  <testsuite name="uint32_to_all_pcm_types/pcm_convert_test/2" tests="1" failures="0" disabled="0" errors="0" time="5.138">
    <testcase name="convert_whole_range" type_param="from_to&lt;unsigned int, unsigned int&gt;" status="run" time="5.138" classname="uint32_to_all_pcm_types/pcm_convert_test/2" />
  </testsuite>
  <testsuite name="uint32_to_all_pcm_types/pcm_convert_test/3" tests="1" failures="0" disabled="0" errors="0" time="4.965">
    <testcase name="convert_whole_range" type_param="from_to&lt;unsigned int, unsigned long&gt;" status="run" time="4.965" classname="uint32_to_all_pcm_types/pcm_convert_test/3" />
  </testsuite>
  <testsuite name="uint32_to_all_pcm_types/pcm_convert_test/4" tests="1" failures="0" disabled="0" errors="0" time="0">
    <testcase name="convert_whole_range" type_param="from_to&lt;unsigned int, signed char&gt;" status="run" time="0" classname="uint32_to_all_pcm_types/pcm_convert_test/4" />
  </testsuite>
  <testsuite name="uint32_to_all_pcm_types/pcm_convert_test/5" tests="1" failures="0" disabled="0" errors="0" time="0.021">
    <testcase name="convert_whole_range" type_param="from_to&lt;unsigned int, short&gt;" status="run" time="0.021" classname="uint32_to_all_pcm_types/pcm_convert_test/5" />
  </testsuite>
  <testsuite name="uint32_to_all_pcm_types/pcm_convert_test/6" tests="1" failures="0" disabled="0" errors="0" time="5.056">
    <testcase name="convert_whole_range" type_param="from_to&lt;unsigned int, int&gt;" status="run" time="5.056" classname="uint32_to_all_pcm_types/pcm_convert_test/6" />
  </testsuite>
  <testsuite name="uint32_to_all_pcm_types/pcm_convert_test/7" tests="1" failures="0" disabled="0" errors="0" time="5.098">
    <testcase name="convert_whole_range" type_param="from_to&lt;unsigned int, long&gt;" status="run" time="5.098" classname="uint32_to_all_pcm_types/pcm_convert_test/7" />
  </testsuite>
  <testsuite name="uint32_to_all_pcm_types/pcm_convert_test/8" tests="1" failures="0" disabled="0" errors="0" time="4.997">
    <testcase name="convert_whole_range" type_param="from_to&lt;unsigned int, float&gt;" status="run" time="4.997" classname="uint32_to_all_pcm_types/pcm_convert_test/8" />
  </testsuite>
  <testsuite name="uint32_to_all_pcm_types/pcm_convert_test/9" tests="1" failures="0" disabled="0" errors="0" time="5.295">
    <testcase name="convert_whole_range" type_param="from_to&lt;unsigned int, double&gt;" status="run" time="5.295" classname="uint32_to_all_pcm_types/pcm_convert_test/9" />
  </testsuite>
  <testsuite name="uint64_to_all_pcm_types/pcm_convert_test/0" tests="1" failures="0" disabled="0" errors="0" time="0">
    <testcase name="convert_whole_range" type_param="from_to&lt;unsigned long, unsigned char&gt;" status="run" time="0" classname="uint64_to_all_pcm_types/pcm_convert_test/0" />
  </testsuite>
  <testsuite name="uint64_to_all_pcm_types/pcm_convert_test/1" tests="1" failures="0" disabled="0" errors="0" time="0.024">
    <testcase name="convert_whole_range" type_param="from_to&lt;unsigned long, unsigned short&gt;" status="run" time="0.024" classname="uint64_to_all_pcm_types/pcm_convert_test/1" />
  </testsuite>
  <testsuite name="uint64_to_all_pcm_types/pcm_convert_test/2" tests="1" failures="0" disabled="0" errors="0" time="5.042">
    <testcase name="convert_whole_range" type_param="from_to&lt;unsigned long, unsigned int&gt;" status="run" time="5.042" classname="uint64_to_all_pcm_types/pcm_convert_test/2" />
  </testsuite>
  <testsuite name="uint64_to_all_pcm_types/pcm_convert_test/3" tests="1" failures="0" disabled="0" errors="0" time="5.133">
    <testcase name="convert_whole_range" type_param="from_to&lt;unsigned long, unsigned long&gt;" status="run" time="5.133" classname="uint64_to_all_pcm_types/pcm_convert_test/3" />
  </testsuite>
  <testsuite name="uint64_to_all_pcm_types/pcm_convert_test/4" tests="1" failures="0" disabled="0" errors="0" time="0">
    <testcase name="convert_whole_range" type_param="from_to&lt;unsigned long, signed char&gt;" status="run" time="0" classname="uint64_to_all_pcm_types/pcm_convert_test/4" />
  </testsuite>
  <testsuite name="uint64_to_all_pcm_types/pcm_convert_test/5" tests="1" failures="0" disabled="0" errors="0" time="0.019">
    <testcase name="convert_whole_range" type_param="from_to&lt;unsigned long, short&gt;" status="run" time="0.019" classname="uint64_to_all_pcm_types/pcm_convert_test/5" />
  </testsuite>
  <testsuite name="uint64_to_all_pcm_types/pcm_convert_test/6" tests="1" failures="0" disabled="0" errors="0" time="5.101">
    <testcase name="convert_whole_range" type_param="from_to&lt;unsigned long, int&gt;" status="run" time="5.101" classname="uint64_to_all_pcm_types/pcm_convert_test/6" />
  </testsuite>
  <testsuite name="uint64_to_all_pcm_types/pcm_convert_test/7" tests="1" failures="0" disabled="0" errors="0" time="5.107">
    <testcase name="convert_whole_range" type_param="from_to&lt;unsigned long, long&gt;" status="run" time="5.107" classname="uint64_to_all_pcm_types/pcm_convert_test/7" />
  </testsuite>
  <testsuite name="uint64_to_all_pcm_types/pcm_convert_test/8" tests="1" failures="0" disabled="0" errors="0" time="5.044">
    <testcase name="convert_whole_range" type_param="from_to&lt;unsigned long, float&gt;" status="run" time="5.044" classname="uint64_to_all_pcm_types/pcm_convert_test/8" />
  </testsuite>
  <testsuite name="uint64_to_all_pcm_types/pcm_convert_test/9" tests="1" failures="0" disabled="0" errors="0" time="5.184">
    <testcase name="convert_whole_range" type_param="from_to&lt;unsigned long, double&gt;" status="run" time="5.184" classname="uint64_to_all_pcm_types/pcm_convert_test/9" />
  </testsuite>
  <testsuite name="int8_to_all_pcm_types/pcm_convert_test/0" tests="1" failures="0" disabled="0" errors="0" time="0">
    <testcase name="convert_whole_range" type_param="from_to&lt;signed char, unsigned char&gt;" status="run" time="0" classname="int8_to_all_pcm_types/pcm_convert_test/0" />
  </testsuite>
  <testsuite name="int8_to_all_pcm_types/pcm_convert_test/1" tests="1" failures="0" disabled="0" errors="0" time="0">
    <testcase name="convert_whole_range" type_param="from_to&lt;signed char, unsigned short&gt;" status="run" time="0" classname="int8_to_all_pcm_types/pcm_convert_test/1" />
  </testsuite>
  <testsuite name="int8_to_all_pcm_types/pcm_convert_test/2" tests="1" failures="0" disabled="0" errors="0" time="0">
    <testcase name="convert_whole_range" type_param="from_to&lt;signed char, unsigned int&gt;" status="run" time="0" classname="int8_to_all_pcm_types/pcm_convert_test/2" />
  </testsuite>
  <testsuite name="int8_to_all_pcm_types/pcm_convert_test/3" tests="1" failures="0" disabled="0" errors="0" time="0.001">
    <testcase name="convert_whole_range" type_param="from_to&lt;signed char, unsigned long&gt;" status="run" time="0.001" classname="int8_to_all_pcm_types/pcm_convert_test/3" />
  </testsuite>
  <testsuite name="int8_to_all_pcm_types/pcm_convert_test/4" tests="1" failures="0" disabled="0" errors="0" time="0">
    <testcase name="convert_whole_range" type_param="from_to&lt;signed char, signed char&gt;" status="run" time="0" classname="int8_to_all_pcm_types/pcm_convert_test/4" />
  </testsuite>
  <testsuite name="int8_to_all_pcm_types/pcm_convert_test/5" tests="1" failures="0" disabled="0" errors="0" time="0">
    <testcase name="convert_whole_range" type_param="from_to&lt;signed char, short&gt;" status="run" time="0" classname="int8_to_all_pcm_types/pcm_convert_test/5" />
  </testsuite>
  <testsuite name="int8_to_all_pcm_types/pcm_convert_test/6" tests="1" failures="0" disabled="0" errors="0" time="0">
    <testcase name="convert_whole_range" type_param="from_to&lt;signed char, int&gt;" status="run" time="0" classname="int8_to_all_pcm_types/pcm_convert_test/6" />
  </testsuite>
  <testsuite name="int8_to_all_pcm_types/pcm_convert_test/7" tests="1" failures="0" disabled="0" errors="0" time="0">
    <testcase name="convert_whole_range" type_param="from_to&lt;signed char, long&gt;" status="run" time="0" classname="int8_to_all_pcm_types/pcm_convert_test/7" />
  </testsuite>
  <testsuite name="int8_to_all_pcm_types/pcm_convert_test/8" tests="1" failures="0" disabled="0" errors="0" time="0">
    <testcase name="convert_whole_range" type_param="from_to&lt;signed char, float&gt;" status="run" time="0" classname="int8_to_all_pcm_types/pcm_convert_test/8" />
  </testsuite>
  <testsuite name="int8_to_all_pcm_types/pcm_convert_test/9" tests="1" failures="0" disabled="0" errors="0" time="0">
    <testcase name="convert_whole_range" type_param="from_to&lt;signed char, double&gt;" status="run" time="0" classname="int8_to_all_pcm_types/pcm_convert_test/9" />
  </testsuite>
  <testsuite name="int16_to_all_pcm_types/pcm_convert_test/0" tests="1" failures="0" disabled="0" errors="0" time="0">
    <testcase name="convert_whole_range" type_param="from_to&lt;short, unsigned char&gt;" status="run" time="0" classname="int16_to_all_pcm_types/pcm_convert_test/0" />
  </testsuite>
  <testsuite name="int16_to_all_pcm_types/pcm_convert_test/1" tests="1" failures="0" disabled="0" errors="0" time="0.02">
    <testcase name="convert_whole_range" type_param="from_to&lt;short, unsigned short&gt;" status="run" time="0.02" classname="int16_to_all_pcm_types/pcm_convert_test/1" />
  </testsuite>
  <testsuite name="int16_to_all_pcm_types/pcm_convert_test/2" tests="1" failures="0" disabled="0" errors="0" time="0.02">
    <testcase name="convert_whole_range" type_param="from_to&lt;short, unsigned int&gt;" status="run" time="0.02" classname="int16_to_all_pcm_types/pcm_convert_test/2" />
  </testsuite>
  <testsuite name="int16_to_all_pcm_types/pcm_convert_test/3" tests="1" failures="0" disabled="0" errors="0" time="0.019">
    <testcase name="convert_whole_range" type_param="from_to&lt;short, unsigned long&gt;" status="run" time="0.019" classname="int16_to_all_pcm_types/pcm_convert_test/3" />
  </testsuite>
  <testsuite name="int16_to_all_pcm_types/pcm_convert_test/4" tests="1" failures="0" disabled="0" errors="0" time="0">
    <testcase name="convert_whole_range" type_param="from_to&lt;short, signed char&gt;" status="run" time="0" classname="int16_to_all_pcm_types/pcm_convert_test/4" />
  </testsuite>
  <testsuite name="int16_to_all_pcm_types/pcm_convert_test/5" tests="1" failures="0" disabled="0" errors="0" time="0.019">
    <testcase name="convert_whole_range" type_param="from_to&lt;short, short&gt;" status="run" time="0.019" classname="int16_to_all_pcm_types/pcm_convert_test/5" />
  </testsuite>
  <testsuite name="int16_to_all_pcm_types/pcm_convert_test/6" tests="1" failures="0" disabled="0" errors="0" time="0.019">
    <testcase name="convert_whole_range" type_param="from_to&lt;short, int&gt;" status="run" time="0.019" classname="int16_to_all_pcm_types/pcm_convert_test/6" />
  </testsuite>
  <testsuite name="int16_to_all_pcm_types/pcm_convert_test/7" tests="1" failures="0" disabled="0" errors="0" time="0.02">
    <testcase name="convert_whole_range" type_param="from_to&lt;short, long&gt;" status="run" time="0.02" classname="int16_to_all_pcm_types/pcm_convert_test/7" />
  </testsuite>
  <testsuite name="int16_to_all_pcm_types/pcm_convert_test/8" tests="1" failures="0" disabled="0" errors="0" time="0.02">
    <testcase name="convert_whole_range" type_param="from_to&lt;short, float&gt;" status="run" time="0.02" classname="int16_to_all_pcm_types/pcm_convert_test/8" />
  </testsuite>
  <testsuite name="int16_to_all_pcm_types/pcm_convert_test/9" tests="1" failures="0" disabled="0" errors="0" time="0.02">
    <testcase name="convert_whole_range" type_param="from_to&lt;short, double&gt;" status="run" time="0.02" classname="int16_to_all_pcm_types/pcm_convert_test/9" />
  </testsuite>
  <testsuite name="int32_to_all_pcm_types/pcm_convert_test/0" tests="1" failures="0" disabled="0" errors="0" time="0">
    <testcase name="convert_whole_range" type_param="from_to&lt;int, unsigned char&gt;" status="run" time="0" classname="int32_to_all_pcm_types/pcm_convert_test/0" />
  </testsuite>
  <testsuite name="int32_to_all_pcm_types/pcm_convert_test/1" tests="1" failures="0" disabled="0" errors="0" time="0.02">
    <testcase name="convert_whole_range" type_param="from_to&lt;int, unsigned short&gt;" status="run" time="0.02" classname="int32_to_all_pcm_types/pcm_convert_test/1" />
  </testsuite>
  <testsuite name="int32_to_all_pcm_types/pcm_convert_test/2" tests="1" failures="0" disabled="0" errors="0" time="5.003">
    <testcase name="convert_whole_range" type_param="from_to&lt;int, unsigned int&gt;" status="run" time="5.003" classname="int32_to_all_pcm_types/pcm_convert_test/2" />
  </testsuite>
  <testsuite name="int32_to_all_pcm_types/pcm_convert_test/3" tests="1" failures="0" disabled="0" errors="0" time="5.033">
    <testcase name="convert_whole_range" type_param="from_to&lt;int, unsigned long&gt;" status="run" time="5.033" classname="int32_to_all_pcm_types/pcm_convert_test/3" />
  </testsuite>
  <testsuite name="int32_to_all_pcm_types/pcm_convert_test/4" tests="1" failures="0" disabled="0" errors="0" time="0">
    <testcase name="convert_whole_range" type_param="from_to&lt;int, signed char&gt;" status="run" time="0" classname="int32_to_all_pcm_types/pcm_convert_test/4" />
  </testsuite>
  <testsuite name="int32_to_all_pcm_types/pcm_convert_test/5" tests="1" failures="0" disabled="0" errors="0" time="0.019">
    <testcase name="convert_whole_range" type_param="from_to&lt;int, short&gt;" status="run" time="0.019" classname="int32_to_all_pcm_types/pcm_convert_test/5" />
  </testsuite>
  <testsuite name="int32_to_all_pcm_types/pcm_convert_test/6" tests="1" failures="0" disabled="0" errors="0" time="5.072">
    <testcase name="convert_whole_range" type_param="from_to&lt;int, int&gt;" status="run" time="5.072" classname="int32_to_all_pcm_types/pcm_convert_test/6" />
  </testsuite>
  <testsuite name="int32_to_all_pcm_types/pcm_convert_test/7" tests="1" failures="0" disabled="0" errors="0" time="5.166">
    <testcase name="convert_whole_range" type_param="from_to&lt;int, long&gt;" status="run" time="5.165" classname="int32_to_all_pcm_types/pcm_convert_test/7" />
  </testsuite>
  <testsuite name="int32_to_all_pcm_types/pcm_convert_test/8" tests="1" failures="0" disabled="0" errors="0" time="5.26">
    <testcase name="convert_whole_range" type_param="from_to&lt;int, float&gt;" status="run" time="5.26" classname="int32_to_all_pcm_types/pcm_convert_test/8" />
  </testsuite>
  <testsuite name="int32_to_all_pcm_types/pcm_convert_test/9" tests="1" failures="0" disabled="0" errors="0" time="5.167">
    <testcase name="convert_whole_range" type_param="from_to&lt;int, double&gt;" status="run" time="5.167" classname="int32_to_all_pcm_types/pcm_convert_test/9" />
  </testsuite>
  <testsuite name="int64_to_all_pcm_types/pcm_convert_test/0" tests="1" failures="0" disabled="0" errors="0" time="0">
    <testcase name="convert_whole_range" type_param="from_to&lt;long, unsigned char&gt;" status="run" time="0" classname="int64_to_all_pcm_types/pcm_convert_test/0" />
  </testsuite>
  <testsuite name="int64_to_all_pcm_types/pcm_convert_test/1" tests="1" failures="0" disabled="0" errors="0" time="0.022">
    <testcase name="convert_whole_range" type_param="from_to&lt;long, unsigned short&gt;" status="run" time="0.022" classname="int64_to_all_pcm_types/pcm_convert_test/1" />
  </testsuite>
  <testsuite name="int64_to_all_pcm_types/pcm_convert_test/2" tests="1" failures="0" disabled="0" errors="0" time="4.977">
    <testcase name="convert_whole_range" type_param="from_to&lt;long, unsigned int&gt;" status="run" time="4.977" classname="int64_to_all_pcm_types/pcm_convert_test/2" />
  </testsuite>
  <testsuite name="int64_to_all_pcm_types/pcm_convert_test/3" tests="1" failures="0" disabled="0" errors="0" time="5.026">
    <testcase name="convert_whole_range" type_param="from_to&lt;long, unsigned long&gt;" status="run" time="5.026" classname="int64_to_all_pcm_types/pcm_convert_test/3" />
  </testsuite>
  <testsuite name="int64_to_all_pcm_types/pcm_convert_test/4" tests="1" failures="0" disabled="0" errors="0" time="0">
    <testcase name="convert_whole_range" type_param="from_to&lt;long, signed char&gt;" status="run" time="0" classname="int64_to_all_pcm_types/pcm_convert_test/4" />
  </testsuite>
  <testsuite name="int64_to_all_pcm_types/pcm_convert_test/5" tests="1" failures="0" disabled="0" errors="0" time="0.02">
    <testcase name="convert_whole_range" type_param="from_to&lt;long, short&gt;" status="run" time="0.02" classname="int64_to_all_pcm_types/pcm_convert_test/5" />
  </testsuite>
  <testsuite name="int64_to_all_pcm_types/pcm_convert_test/6" tests="1" failures="0" disabled="0" errors="0" time="4.942">
    <testcase name="convert_whole_range" type_param="from_to&lt;long, int&gt;" status="run" time="4.942" classname="int64_to_all_pcm_types/pcm_convert_test/6" />
  </testsuite>
  <testsuite name="int64_to_all_pcm_types/pcm_convert_test/7" tests="1" failures="0" disabled="0" errors="0" time="4.977">
    <testcase name="convert_whole_range" type_param="from_to&lt;long, long&gt;" status="run" time="4.977" classname="int64_to_all_pcm_types/pcm_convert_test/7" />
  </testsuite>
  <testsuite name="int64_to_all_pcm_types/pcm_convert_test/8" tests="1" failures="0" disabled="0" errors="0" time="5.112">
    <testcase name="convert_whole_range" type_param="from_to&lt;long, float&gt;" status="run" time="5.112" classname="int64_to_all_pcm_types/pcm_convert_test/8" />
  </testsuite>
  <testsuite name="int64_to_all_pcm_types/pcm_convert_test/9" tests="1" failures="0" disabled="0" errors="0" time="5.314">
    <testcase name="convert_whole_range" type_param="from_to&lt;long, double&gt;" status="run" time="5.314" classname="int64_to_all_pcm_types/pcm_convert_test/9" />
  </testsuite>
  <testsuite name="float_to_all_pcm_types/pcm_convert_test/0" tests="1" failures="0" disabled="0" errors="0" time="0">
    <testcase name="convert_whole_range" type_param="from_to&lt;float, unsigned char&gt;" status="run" time="0" classname="float_to_all_pcm_types/pcm_convert_test/0" />
  </testsuite>
  <testsuite name="float_to_all_pcm_types/pcm_convert_test/1" tests="1" failures="0" disabled="0" errors="0" time="0.021">
    <testcase name="convert_whole_range" type_param="from_to&lt;float, unsigned short&gt;" status="run" time="0.021" classname="float_to_all_pcm_types/pcm_convert_test/1" />
  </testsuite>
  <testsuite name="float_to_all_pcm_types/pcm_convert_test/2" tests="1" failures="0" disabled="0" errors="0" time="5.3">
    <testcase name="convert_whole_range" type_param="from_to&lt;float, unsigned int&gt;" status="run" time="5.3" classname="float_to_all_pcm_types/pcm_convert_test/2" />
  </testsuite>
  <testsuite name="float_to_all_pcm_types/pcm_convert_test/3" tests="1" failures="0" disabled="0" errors="0" time="5.382">
    <testcase name="convert_whole_range" type_param="from_to&lt;float, unsigned long&gt;" status="run" time="5.382" classname="float_to_all_pcm_types/pcm_convert_test/3" />
  </testsuite>
  <testsuite name="float_to_all_pcm_types/pcm_convert_test/4" tests="1" failures="0" disabled="0" errors="0" time="0">
    <testcase name="convert_whole_range" type_param="from_to&lt;float, signed char&gt;" status="run" time="0" classname="float_to_all_pcm_types/pcm_convert_test/4" />
  </testsuite>
  <testsuite name="float_to_all_pcm_types/pcm_convert_test/5" tests="1" failures="0" disabled="0" errors="0" time="0.021">
    <testcase name="convert_whole_range" type_param="from_to&lt;float, short&gt;" status="run" time="0.021" classname="float_to_all_pcm_types/pcm_convert_test/5" />
  </testsuite>
  <testsuite name="float_to_all_pcm_types/pcm_convert_test/6" tests="1" failures="0" disabled="0" errors="0" time="5.323">
    <testcase name="convert_whole_range" type_param="from_to&lt;float, int&gt;" status="run" time="5.322" classname="float_to_all_pcm_types/pcm_convert_test/6" />
  </testsuite>
  <testsuite name="float_to_all_pcm_types/pcm_convert_test/7" tests="1" failures="0" disabled="0" errors="0" time="5.316">
    <testcase name="convert_whole_range" type_param="from_to&lt;float, long&gt;" status="run" time="5.316" classname="float_to_all_pcm_types/pcm_convert_test/7" />
  </testsuite>
  <testsuite name="float_to_all_pcm_types/pcm_convert_test/8" tests="1" failures="0" disabled="0" errors="0" time="4.941">
    <testcase name="convert_whole_range" type_param="from_to&lt;float, float&gt;" status="run" time="4.941" classname="float_to_all_pcm_types/pcm_convert_test/8" />
  </testsuite>
  <testsuite name="float_to_all_pcm_types/pcm_convert_test/9" tests="1" failures="0" disabled="0" errors="0" time="5.066">
    <testcase name="convert_whole_range" type_param="from_to&lt;float, double&gt;" status="run" time="5.066" classname="float_to_all_pcm_types/pcm_convert_test/9" />
  </testsuite>
  <testsuite name="double_to_all_pcm_types/pcm_convert_test/0" tests="1" failures="0" disabled="0" errors="0" time="0">
    <testcase name="convert_whole_range" type_param="from_to&lt;double, unsigned char&gt;" status="run" time="0" classname="double_to_all_pcm_types/pcm_convert_test/0" />
  </testsuite>
  <testsuite name="double_to_all_pcm_types/pcm_convert_test/1" tests="1" failures="0" disabled="0" errors="0" time="0.022">
    <testcase name="convert_whole_range" type_param="from_to&lt;double, unsigned short&gt;" status="run" time="0.022" classname="double_to_all_pcm_types/pcm_convert_test/1" />
  </testsuite>
  <testsuite name="double_to_all_pcm_types/pcm_convert_test/2" tests="1" failures="0" disabled="0" errors="0" time="5.333">
    <testcase name="convert_whole_range" type_param="from_to&lt;double, unsigned int&gt;" status="run" time="5.333" classname="double_to_all_pcm_types/pcm_convert_test/2" />
  </testsuite>
  <testsuite name="double_to_all_pcm_types/pcm_convert_test/3" tests="1" failures="0" disabled="0" errors="0" time="5.437">
    <testcase name="convert_whole_range" type_param="from_to&lt;double, unsigned long&gt;" status="run" time="5.437" classname="double_to_all_pcm_types/pcm_convert_test/3" />
  </testsuite>
  <testsuite name="double_to_all_pcm_types/pcm_convert_test/4" tests="1" failures="0" disabled="0" errors="0" time="0.001">
    <testcase name="convert_whole_range" type_param="from_to&lt;double, signed char&gt;" status="run" time="0.001" classname="double_to_all_pcm_types/pcm_convert_test/4" />
  </testsuite>
  <testsuite name="double_to_all_pcm_types/pcm_convert_test/5" tests="1" failures="0" disabled="0" errors="0" time="0.021">
    <testcase name="convert_whole_range" type_param="from_to&lt;double, short&gt;" status="run" time="0.021" classname="double_to_all_pcm_types/pcm_convert_test/5" />
  </testsuite>
  <testsuite name="double_to_all_pcm_types/pcm_convert_test/6" tests="1" failures="0" disabled="0" errors="0" time="5.456">
    <testcase name="convert_whole_range" type_param="from_to&lt;double, int&gt;" status="run" time="5.456" classname="double_to_all_pcm_types/pcm_convert_test/6" />
  </testsuite>
  <testsuite name="double_to_all_pcm_types/pcm_convert_test/7" tests="1" failures="0" disabled="0" errors="0" time="5.365">
    <testcase name="convert_whole_range" type_param="from_to&lt;double, long&gt;" status="run" time="5.365" classname="double_to_all_pcm_types/pcm_convert_test/7" />
  </testsuite>
  <testsuite name="double_to_all_pcm_types/pcm_convert_test/8" tests="1" failures="0" disabled="0" errors="0" time="5.374">
    <testcase name="convert_whole_range" type_param="from_to&lt;double, float&gt;" status="run" time="5.374" classname="double_to_all_pcm_types/pcm_convert_test/8" />
  </testsuite>
  <testsuite name="double_to_all_pcm_types/pcm_convert_test/9" tests="1" failures="0" disabled="0" errors="0" time="5.182">
    <testcase name="convert_whole_range" type_param="from_to&lt;double, double&gt;" status="run" time="5.182" classname="double_to_all_pcm_types/pcm_convert_test/9" />
  </testsuite>
  <testsuite name="uint8_to_all_integral_types/pcm_clip_test/0" tests="2" failures="0" disabled="0" errors="0" time="0">
    <testcase name="clip_to_max" type_param="from_to&lt;unsigned char, unsigned char&gt;" status="run" time="0" classname="uint8_to_all_integral_types/pcm_clip_test/0" />
    <testcase name="clip_to_min" type_param="from_to&lt;unsigned char, unsigned char&gt;" status="run" time="0" classname="uint8_to_all_integral_types/pcm_clip_test/0" />
  </testsuite>
  <testsuite name="uint8_to_all_integral_types/pcm_clip_test/1" tests="2" failures="0" disabled="0" errors="0" time="0">
    <testcase name="clip_to_max" type_param="from_to&lt;unsigned char, unsigned short&gt;" status="run" time="0" classname="uint8_to_all_integral_types/pcm_clip_test/1" />
    <testcase name="clip_to_min" type_param="from_to&lt;unsigned char, unsigned short&gt;" status="run" time="0" classname="uint8_to_all_integral_types/pcm_clip_test/1" />
  </testsuite>
  <testsuite name="uint8_to_all_integral_types/pcm_clip_test/2" tests="2" failures="0" disabled="0" errors="0" time="0">
    <testcase name="clip_to_max" type_param="from_to&lt;unsigned char, unsigned int&gt;" status="run" time="0" classname="uint8_to_all_integral_types/pcm_clip_test/2" />
    <testcase name="clip_to_min" type_param="from_to&lt;unsigned char, unsigned int&gt;" status="run" time="0" classname="uint8_to_all_integral_types/pcm_clip_test/2" />
  </testsuite>
  <testsuite name="uint8_to_all_integral_types/pcm_clip_test/3" tests="2" failures="0" disabled="0" errors="0" time="0">
    <testcase name="clip_to_max" type_param="from_to&lt;unsigned char, unsigned long&gt;" status="run" time="0" classname="uint8_to_all_integral_types/pcm_clip_test/3" />
    <testcase name="clip_to_min" type_param="from_to&lt;unsigned char, unsigned long&gt;" status="run" time="0" classname="uint8_to_all_integral_types/pcm_clip_test/3" />
  </testsuite>
  <testsuite name="uint8_to_all_integral_types/pcm_clip_test/4" tests="2" failures="0" disabled="0" errors="0" time="0">
    <testcase name="clip_to_max" type_param="from_to&lt;unsigned char, signed char&gt;" status="run" time="0" classname="uint8_to_all_integral_types/pcm_clip_test/4" />
    <testcase name="clip_to_min" type_param="from_to&lt;unsigned char, signed char&gt;" status="run" time="0" classname="uint8_to_all_integral_types/pcm_clip_test/4" />
  </testsuite>
  <testsuite name="uint8_to_all_integral_types/pcm_clip_test/5" tests="2" failures="0" disabled="0" errors="0" time="0">
    <testcase name="clip_to_max" type_param="from_to&lt;unsigned char, short&gt;" status="run" time="0" classname="uint8_to_all_integral_types/pcm_clip_test/5" />
    <testcase name="clip_to_min" type_param="from_to&lt;unsigned char, short&gt;" status="run" time="0" classname="uint8_to_all_integral_types/pcm_clip_test/5" />
  </testsuite>
  <testsuite name="uint8_to_all_integral_types/pcm_clip_test/6" tests="2" failures="0" disabled="0" errors="0" time="0">
    <testcase name="clip_to_max" type_param="from_to&lt;unsigned char, int&gt;" status="run" time="0" classname="uint8_to_all_integral_types/pcm_clip_test/6" />
    <testcase name="clip_to_min" type_param="from_to&lt;unsigned char, int&gt;" status="run" time="0" classname="uint8_to_all_integral_types/pcm_clip_test/6" />
  </testsuite>
  <testsuite name="uint8_to_all_integral_types/pcm_clip_test/7" tests="2" failures="0" disabled="0" errors="0" time="0">
    <testcase name="clip_to_max" type_param="from_to&lt;unsigned char, long&gt;" status="run" time="0" classname="uint8_to_all_integral_types/pcm_clip_test/7" />
    <testcase name="clip_to_min" type_param="from_to&lt;unsigned char, long&gt;" status="run" time="0" classname="uint8_to_all_integral_types/pcm_clip_test/7" />
  </testsuite>
  <testsuite name="uint16_to_all_integral_types/pcm_clip_test/0" tests="2" failures="0" disabled="0" errors="0" time="0">
    <testcase name="clip_to_max" type_param="from_to&lt;unsigned short, unsigned char&gt;" status="run" time="0" classname="uint16_to_all_integral_types/pcm_clip_test/0" />
    <testcase name="clip_to_min" type_param="from_to&lt;unsigned short, unsigned char&gt;" status="run" time="0" classname="uint16_to_all_integral_types/pcm_clip_test/0" />
  </testsuite>
  <testsuite name="uint16_to_all_integral_types/pcm_clip_test/1" tests="2" failures="0" disabled="0" errors="0" time="0">
    <testcase name="clip_to_max" type_param="from_to&lt;unsigned short, unsigned short&gt;" status="run" time="0" classname="uint16_to_all_integral_types/pcm_clip_test/1" />
    <testcase name="clip_to_min" type_param="from_to&lt;unsigned short, unsigned short&gt;" status="run" time="0" classname="uint16_to_all_integral_types/pcm_clip_test/1" />
  </testsuite>
  <testsuite name="uint16_to_all_integral_types/pcm_clip_test/2" tests="2" failures="0" disabled="0" errors="0" time="0">
    <testcase name="clip_to_max" type_param="from_to&lt;unsigned short, unsigned int&gt;" status="run" time="0" classname="uint16_to_all_integral_types/pcm_clip_test/2" />
    <testcase name="clip_to_min" type_param="from_to&lt;unsigned short, unsigned int&gt;" status="run" time="0" classname="uint16_to_all_integral_types/pcm_clip_test/2" />
  </testsuite>
  <testsuite name="uint16_to_all_integral_types/pcm_clip_test/3" tests="2" failures="0" disabled="0" errors="0" time="0">
    <testcase name="clip_to_max" type_param="from_to&lt;unsigned short, unsigned long&gt;" status="run" time="0" classname="uint16_to_all_integral_types/pcm_clip_test/3" />
    <testcase name="clip_to_min" type_param="from_to&lt;unsigned short, unsigned long&gt;" status="run" time="0" classname="uint16_to_all_integral_types/pcm_clip_test/3" />
  </testsuite>
  <testsuite name="uint16_to_all_integral_types/pcm_clip_test/4" tests="2" failures="0" disabled="0" errors="0" time="0">
    <testcase name="clip_to_max" type_param="from_to&lt;unsigned short, signed char&gt;" status="run" time="0" classname="uint16_to_all_integral_types/pcm_clip_test/4" />
    <testcase name="clip_to_min" type_param="from_to&lt;unsigned short, signed char&gt;" status="run" time="0" classname="uint16_to_all_integral_types/pcm_clip_test/4" />
  </testsuite>
  <testsuite name="uint16_to_all_integral_types/pcm_clip_test/5" tests="2" failures="0" disabled="0" errors="0" time="0">
    <testcase name="clip_to_max" type_param="from_to&lt;unsigned short, short&gt;" status="run" time="0" classname="uint16_to_all_integral_types/pcm_clip_test/5" />
    <testcase name="clip_to_min" type_param="from_to&lt;unsigned short, short&gt;" status="run" time="0" classname="uint16_to_all_integral_types/pcm_clip_test/5" />
  </testsuite>
  <testsuite name="uint16_to_all_integral_types/pcm_clip_test/6" tests="2" failures="0" disabled="0" errors="0" time="0">
    <testcase name="clip_to_max" type_param="from_to&lt;unsigned short, int&gt;" status="run" time="0" classname="uint16_to_all_integral_types/pcm_clip_test/6" />
    <testcase name="clip_to_min" type_param="from_to&lt;unsigned short, int&gt;" status="run" time="0" classname="uint16_to_all_integral_types/pcm_clip_test/6" />
  </testsuite>
  <testsuite name="uint16_to_all_integral_types/pcm_clip_test/7" tests="2" failures="0" disabled="0" errors="0" time="0">
    <testcase name="clip_to_max" type_param="from_to&lt;unsigned short, long&gt;" status="run" time="0" classname="uint16_to_all_integral_types/pcm_clip_test/7" />
    <testcase name="clip_to_min" type_param="from_to&lt;unsigned short, long&gt;" status="run" time="0" classname="uint16_to_all_integral_types/pcm_clip_test/7" />
  </testsuite>
  <testsuite name="uint32_to_all_integral_types/pcm_clip_test/0" tests="2" failures="0" disabled="0" errors="0" time="0">
    <testcase name="clip_to_max" type_param="from_to&lt;unsigned int, unsigned char&gt;" status="run" time="0" classname="uint32_to_all_integral_types/pcm_clip_test/0" />
    <testcase name="clip_to_min" type_param="from_to&lt;unsigned int, unsigned char&gt;" status="run" time="0" classname="uint32_to_all_integral_types/pcm_clip_test/0" />
  </testsuite>
  <testsuite name="uint32_to_all_integral_types/pcm_clip_test/1" tests="2" failures="0" disabled="0" errors="0" time="0">
    <testcase name="clip_to_max" type_param="from_to&lt;unsigned int, unsigned short&gt;" status="run" time="0" classname="uint32_to_all_integral_types/pcm_clip_test/1" />
    <testcase name="clip_to_min" type_param="from_to&lt;unsigned int, unsigned short&gt;" status="run" time="0" classname="uint32_to_all_integral_types/pcm_clip_test/1" />
  </testsuite>
  <testsuite name="uint32_to_all_integral_types/pcm_clip_test/2" tests="2" failures="0" disabled="0" errors="0" time="0">
    <testcase name="clip_to_max" type_param="from_to&lt;unsigned int, unsigned int&gt;" status="run" time="0" classname="uint32_to_all_integral_types/pcm_clip_test/2" />
    <testcase name="clip_to_min" type_param="from_to&lt;unsigned int, unsigned int&gt;" status="run" time="0" classname="uint32_to_all_integral_types/pcm_clip_test/2" />
  </testsuite>
  <testsuite name="uint32_to_all_integral_types/pcm_clip_test/3" tests="2" failures="0" disabled="0" errors="0" time="0">
    <testcase name="clip_to_max" type_param="from_to&lt;unsigned int, unsigned long&gt;" status="run" time="0" classname="uint32_to_all_integral_types/pcm_clip_test/3" />
    <testcase name="clip_to_min" type_param="from_to&lt;unsigned int, unsigned long&gt;" status="run" time="0" classname="uint32_to_all_integral_types/pcm_clip_test/3" />
  </testsuite>
  <testsuite name="uint32_to_all_integral_types/pcm_clip_test/4" tests="2" failures="0" disabled="0" errors="0" time="0">
    <testcase name="clip_to_max" type_param="from_to&lt;unsigned int, signed char&gt;" status="run" time="0" classname="uint32_to_all_integral_types/pcm_clip_test/4" />
    <testcase name="clip_to_min" type_param="from_to&lt;unsigned int, signed char&gt;" status="run" time="0" classname="uint32_to_all_integral_types/pcm_clip_test/4" />
  </testsuite>
  <testsuite name="uint32_to_all_integral_types/pcm_clip_test/5" tests="2" failures="0" disabled="0" errors="0" time="0">
    <testcase name="clip_to_max" type_param="from_to&lt;unsigned int, short&gt;" status="run" time="0" classname="uint32_to_all_integral_types/pcm_clip_test/5" />
    <testcase name="clip_to_min" type_param="from_to&lt;unsigned int, short&gt;" status="run" time="0" classname="uint32_to_all_integral_types/pcm_clip_test/5" />
  </testsuite>
  <testsuite name="uint32_to_all_integral_types/pcm_clip_test/6" tests="2" failures="0" disabled="0" errors="0" time="0">
    <testcase name="clip_to_max" type_param="from_to&lt;unsigned int, int&gt;" status="run" time="0" classname="uint32_to_all_integral_types/pcm_clip_test/6" />
    <testcase name="clip_to_min" type_param="from_to&lt;unsigned int, int&gt;" status="run" time="0" classname="uint32_to_all_integral_types/pcm_clip_test/6" />
  </testsuite>
  <testsuite name="uint32_to_all_integral_types/pcm_clip_test/7" tests="2" failures="0" disabled="0" errors="0" time="0">
    <testcase name="clip_to_max" type_param="from_to&lt;unsigned int, long&gt;" status="run" time="0" classname="uint32_to_all_integral_types/pcm_clip_test/7" />
    <testcase name="clip_to_min" type_param="from_to&lt;unsigned int, long&gt;" status="run" time="0" classname="uint32_to_all_integral_types/pcm_clip_test/7" />
  </testsuite>
  <testsuite name="uint64_to_all_integral_types/pcm_clip_test/0" tests="2" failures="0" disabled="0" errors="0" time="0">
    <testcase name="clip_to_max" type_param="from_to&lt;unsigned long, unsigned char&gt;" status="run" time="0" classname="uint64_to_all_integral_types/pcm_clip_test/0" />
    <testcase name="clip_to_min" type_param="from_to&lt;unsigned long, unsigned char&gt;" status="run" time="0" classname="uint64_to_all_integral_types/pcm_clip_test/0" />
  </testsuite>
  <testsuite name="uint64_to_all_integral_types/pcm_clip_test/1" tests="2" failures="0" disabled="0" errors="0" time="0">
    <testcase name="clip_to_max" type_param="from_to&lt;unsigned long, unsigned short&gt;" status="run" time="0" classname="uint64_to_all_integral_types/pcm_clip_test/1" />
    <testcase name="clip_to_min" type_param="from_to&lt;unsigned long, unsigned short&gt;" status="run" time="0" classname="uint64_to_all_integral_types/pcm_clip_test/1" />
  </testsuite>
  <testsuite name="uint64_to_all_integral_types/pcm_clip_test/2" tests="2" failures="0" disabled="0" errors="0" time="0">
    <testcase name="clip_to_max" type_param="from_to&lt;unsigned long, unsigned int&gt;" status="run" time="0" classname="uint64_to_all_integral_types/pcm_clip_test/2" />
    <testcase name="clip_to_min" type_param="from_to&lt;unsigned long, unsigned int&gt;" status="run" time="0" classname="uint64_to_all_integral_types/pcm_clip_test/2" />
  </testsuite>
  <testsuite name="uint64_to_all_integral_types/pcm_clip_test/3" tests="2" failures="0" disabled="0" errors="0" time="0.001">
    <testcase name="clip_to_max" type_param="from_to&lt;unsigned long, unsigned long&gt;" status="run" time="0" classname="uint64_to_all_integral_types/pcm_clip_test/3" />
    <testcase name="clip_to_min" type_param="from_to&lt;unsigned long, unsigned long&gt;" status="run" time="0" classname="uint64_to_all_integral_types/pcm_clip_test/3" />
  </testsuite>
  <testsuite name="uint64_to_all_integral_types/pcm_clip_test/4" tests="2" failures="0" disabled="0" errors="0" time="0">
    <testcase name="clip_to_max" type_param="from_to&lt;unsigned long, signed char&gt;" status="run" time="0" classname="uint64_to_all_integral_types/pcm_clip_test/4" />
    <testcase name="clip_to_min" type_param="from_to&lt;unsigned long, signed char&gt;" status="run" time="0" classname="uint64_to_all_integral_types/pcm_clip_test/4" />
  </testsuite>
  <testsuite name="uint64_to_all_integral_types/pcm_clip_test/5" tests="2" failures="0" disabled="0" errors="0" time="0">
    <testcase name="clip_to_max" type_param="from_to&lt;unsigned long, short&gt;" status="run" time="0" classname="uint64_to_all_integral_types/pcm_clip_test/5" />
    <testcase name="clip_to_min" type_param="from_to&lt;unsigned long, short&gt;" status="run" time="0" classname="uint64_to_all_integral_types/pcm_clip_test/5" />
  </testsuite>
  <testsuite name="uint64_to_all_integral_types/pcm_clip_test/6" tests="2" failures="0" disabled="0" errors="0" time="0">
    <testcase name="clip_to_max" type_param="from_to&lt;unsigned long, int&gt;" status="run" time="0" classname="uint64_to_all_integral_types/pcm_clip_test/6" />
    <testcase name="clip_to_min" type_param="from_to&lt;unsigned long, int&gt;" status="run" time="0" classname="uint64_to_all_integral_types/pcm_clip_test/6" />
  </testsuite>
  <testsuite name="uint64_to_all_integral_types/pcm_clip_test/7" tests="2" failures="0" disabled="0" errors="0" time="0">
    <testcase name="clip_to_max" type_param="from_to&lt;unsigned long, long&gt;" status="run" time="0" classname="uint64_to_all_integral_types/pcm_clip_test/7" />
    <testcase name="clip_to_min" type_param="from_to&lt;unsigned long, long&gt;" status="run" time="0" classname="uint64_to_all_integral_types/pcm_clip_test/7" />
  </testsuite>
  <testsuite name="int8_to_all_integral_types/pcm_clip_test/0" tests="2" failures="0" disabled="0" errors="0" time="0">
    <testcase name="clip_to_max" type_param="from_to&lt;signed char, unsigned char&gt;" status="run" time="0" classname="int8_to_all_integral_types/pcm_clip_test/0" />
    <testcase name="clip_to_min" type_param="from_to&lt;signed char, unsigned char&gt;" status="run" time="0" classname="int8_to_all_integral_types/pcm_clip_test/0" />
  </testsuite>
  <testsuite name="int8_to_all_integral_types/pcm_clip_test/1" tests="2" failures="0" disabled="0" errors="0" time="0">
    <testcase name="clip_to_max" type_param="from_to&lt;signed char, unsigned short&gt;" status="run" time="0" classname="int8_to_all_integral_types/pcm_clip_test/1" />
    <testcase name="clip_to_min" type_param="from_to&lt;signed char, unsigned short&gt;" status="run" time="0" classname="int8_to_all_integral_types/pcm_clip_test/1" />
  </testsuite>
  <testsuite name="int8_to_all_integral_types/pcm_clip_test/2" tests="2" failures="0" disabled="0" errors="0" time="0">
    <testcase name="clip_to_max" type_param="from_to&lt;signed char, unsigned int&gt;" status="run" time="0" classname="int8_to_all_integral_types/pcm_clip_test/2" />
    <testcase name="clip_to_min" type_param="from_to&lt;signed char, unsigned int&gt;" status="run" time="0" classname="int8_to_all_integral_types/pcm_clip_test/2" />
  </testsuite>
  <testsuite name="int8_to_all_integral_types/pcm_clip_test/3" tests="2" failures="0" disabled="0" errors="0" time="0">
    <testcase name="clip_to_max" type_param="from_to&lt;signed char, unsigned long&gt;" status="run" time="0" classname="int8_to_all_integral_types/pcm_clip_test/3" />
    <testcase name="clip_to_min" type_param="from_to&lt;signed char, unsigned long&gt;" status="run" time="0" classname="int8_to_all_integral_types/pcm_clip_test/3" />
  </testsuite>
  <testsuite name="int8_to_all_integral_types/pcm_clip_test/4" tests="2" failures="0" disabled="0" errors="0" time="0">
    <testcase name="clip_to_max" type_param="from_to&lt;signed char, signed char&gt;" status="run" time="0" classname="int8_to_all_integral_types/pcm_clip_test/4" />
    <testcase name="clip_to_min" type_param="from_to&lt;signed char, signed char&gt;" status="run" time="0" classname="int8_to_all_integral_types/pcm_clip_test/4" />
  </testsuite>
  <testsuite name="int8_to_all_integral_types/pcm_clip_test/5" tests="2" failures="0" disabled="0" errors="0" time="0">
    <testcase name="clip_to_max" type_param="from_to&lt;signed char, short&gt;" status="run" time="0" classname="int8_to_all_integral_types/pcm_clip_test/5" />
    <testcase name="clip_to_min" type_param="from_to&lt;signed char, short&gt;" status="run" time="0" classname="int8_to_all_integral_types/pcm_clip_test/5" />
  </testsuite>
  <testsuite name="int8_to_all_integral_types/pcm_clip_test/6" tests="2" failures="0" disabled="0" errors="0" time="0">
    <testcase name="clip_to_max" type_param="from_to&lt;signed char, int&gt;" status="run" time="0" classname="int8_to_all_integral_types/pcm_clip_test/6" />
    <testcase name="clip_to_min" type_param="from_to&lt;signed char, int&gt;" status="run" time="0" classname="int8_to_all_integral_types/pcm_clip_test/6" />
  </testsuite>
  <testsuite name="int8_to_all_integral_types/pcm_clip_test/7" tests="2" failures="0" disabled="0" errors="0" time="0">
    <testcase name="clip_to_max" type_param="from_to&lt;signed char, long&gt;" status="run" time="0" classname="int8_to_all_integral_types/pcm_clip_test/7" />
    <testcase name="clip_to_min" type_param="from_to&lt;signed char, long&gt;" status="run" time="0" classname="int8_to_all_integral_types/pcm_clip_test/7" />
  </testsuite>
  <testsuite name="int16_to_all_integral_types/pcm_clip_test/0" tests="2" failures="0" disabled="0" errors="0" time="0">
    <testcase name="clip_to_max" type_param="from_to&lt;short, unsigned char&gt;" status="run" time="0" classname="int16_to_all_integral_types/pcm_clip_test/0" />
    <testcase name="clip_to_min" type_param="from_to&lt;short, unsigned char&gt;" status="run" time="0" classname="int16_to_all_integral_types/pcm_clip_test/0" />
  </testsuite>
  <testsuite name="int16_to_all_integral_types/pcm_clip_test/1" tests="2" failures="0" disabled="0" errors="0" time="0">
    <testcase name="clip_to_max" type_param="from_to&lt;short, unsigned short&gt;" status="run" time="0" classname="int16_to_all_integral_types/pcm_clip_test/1" />
    <testcase name="clip_to_min" type_param="from_to&lt;short, unsigned short&gt;" status="run" time="0" classname="int16_to_all_integral_types/pcm_clip_test/1" />
  </testsuite>
  <testsuite name="int16_to_all_integral_types/pcm_clip_test/2" tests="2" failures="0" disabled="0" errors="0" time="0">
    <testcase name="clip_to_max" type_param="from_to&lt;short, unsigned int&gt;" status="run" time="0" classname="int16_to_all_integral_types/pcm_clip_test/2" />
    <testcase name="clip_to_min" type_param="from_to&lt;short, unsigned int&gt;" status="run" time="0" classname="int16_to_all_integral_types/pcm_clip_test/2" />
  </testsuite>
  <testsuite name="int16_to_all_integral_types/pcm_clip_test/3" tests="2" failures="0" disabled="0" errors="0" time="0">
    <testcase name="clip_to_max" type_param="from_to&lt;short, unsigned long&gt;" status="run" time="0" classname="int16_to_all_integral_types/pcm_clip_test/3" />
    <testcase name="clip_to_min" type_param="from_to&lt;short, unsigned long&gt;" status="run" time="0" classname="int16_to_all_integral_types/pcm_clip_test/3" />
  </testsuite>
  <testsuite name="int16_to_all_integral_types/pcm_clip_test/4" tests="2" failures="0" disabled="0" errors="0" time="0">
    <testcase name="clip_to_max" type_param="from_to&lt;short, signed char&gt;" status="run" time="0" classname="int16_to_all_integral_types/pcm_clip_test/4" />
    <testcase name="clip_to_min" type_param="from_to&lt;short, signed char&gt;" status="run" time="0" classname="int16_to_all_integral_types/pcm_clip_test/4" />
  </testsuite>
  <testsuite name="int16_to_all_integral_types/pcm_clip_test/5" tests="2" failures="0" disabled="0" errors="0" time="0">
    <testcase name="clip_to_max" type_param="from_to&lt;short, short&gt;" status="run" time="0" classname="int16_to_all_integral_types/pcm_clip_test/5" />
    <testcase name="clip_to_min" type_param="from_to&lt;short, short&gt;" status="run" time="0" classname="int16_to_all_integral_types/pcm_clip_test/5" />
  </testsuite>
  <testsuite name="int16_to_all_integral_types/pcm_clip_test/6" tests="2" failures="0" disabled="0" errors="0" time="0">
    <testcase name="clip_to_max" type_param="from_to&lt;short, int&gt;" status="run" time="0" classname="int16_to_all_integral_types/pcm_clip_test/6" />
    <testcase name="clip_to_min" type_param="from_to&lt;short, int&gt;" status="run" time="0" classname="int16_to_all_integral_types/pcm_clip_test/6" />
  </testsuite>
  <testsuite name="int16_to_all_integral_types/pcm_clip_test/7" tests="2" failures="0" disabled="0" errors="0" time="0">
    <testcase name="clip_to_max" type_param="from_to&lt;short, long&gt;" status="run" time="0" classname="int16_to_all_integral_types/pcm_clip_test/7" />
    <testcase name="clip_to_min" type_param="from_to&lt;short, long&gt;" status="run" time="0" classname="int16_to_all_integral_types/pcm_clip_test/7" />
  </testsuite>
  <testsuite name="int32_to_all_integral_types/pcm_clip_test/0" tests="2" failures="0" disabled="0" errors="0" time="0">
    <testcase name="clip_to_max" type_param="from_to&lt;int, unsigned char&gt;" status="run" time="0" classname="int32_to_all_integral_types/pcm_clip_test/0" />
    <testcase name="clip_to_min" type_param="from_to&lt;int, unsigned char&gt;" status="run" time="0" classname="int32_to_all_integral_types/pcm_clip_test/0" />
  </testsuite>
  <testsuite name="int32_to_all_integral_types/pcm_clip_test/1" tests="2" failures="0" disabled="0" errors="0" time="0">
    <testcase name="clip_to_max" type_param="from_to&lt;int, unsigned short&gt;" status="run" time="0" classname="int32_to_all_integral_types/pcm_clip_test/1" />
    <testcase name="clip_to_min" type_param="from_to&lt;int, unsigned short&gt;" status="run" time="0" classname="int32_to_all_integral_types/pcm_clip_test/1" />
  </testsuite>
  <testsuite name="int32_to_all_integral_types/pcm_clip_test/2" tests="2" failures="0" disabled="0" errors="0" time="0">
    <testcase name="clip_to_max" type_param="from_to&lt;int, unsigned int&gt;" status="run" time="0" classname="int32_to_all_integral_types/pcm_clip_test/2" />
    <testcase name="clip_to_min" type_param="from_to&lt;int, unsigned int&gt;" status="run" time="0" classname="int32_to_all_integral_types/pcm_clip_test/2" />
  </testsuite>
  <testsuite name="int32_to_all_integral_types/pcm_clip_test/3" tests="2" failures="0" disabled="0" errors="0" time="0">
    <testcase name="clip_to_max" type_param="from_to&lt;int, unsigned long&gt;" status="run" time="0" classname="int32_to_all_integral_types/pcm_clip_test/3" />
    <testcase name="clip_to_min" type_param="from_to&lt;int, unsigned long&gt;" status="run" time="0" classname="int32_to_all_integral_types/pcm_clip_test/3" />
  </testsuite>
  <testsuite name="int32_to_all_integral_types/pcm_clip_test/4" tests="2" failures="0" disabled="0" errors="0" time="0">
    <testcase name="clip_to_max" type_param="from_to&lt;int, signed char&gt;" status="run" time="0" classname="int32_to_all_integral_types/pcm_clip_test/4" />
    <testcase name="clip_to_min" type_param="from_to&lt;int, signed char&gt;" status="run" time="0" classname="int32_to_all_integral_types/pcm_clip_test/4" />
  </testsuite>
  <testsuite name="int32_to_all_integral_types/pcm_clip_test/5" tests="2" failures="0" disabled="0" errors="0" time="0">
    <testcase name="clip_to_max" type_param="from_to&lt;int, short&gt;" status="run" time="0" classname="int32_to_all_integral_types/pcm_clip_test/5" />
    <testcase name="clip_to_min" type_param="from_to&lt;int, short&gt;" status="run" time="0" classname="int32_to_all_integral_types/pcm_clip_test/5" />
  </testsuite>
  <testsuite name="int32_to_all_integral_types/pcm_clip_test/6" tests="2" failures="0" disabled="0" errors="0" time="0">
    <testcase name="clip_to_max" type_param="from_to&lt;int, int&gt;" status="run" time="0" classname="int32_to_all_integral_types/pcm_clip_test/6" />
    <testcase name="clip_to_min" type_param="from_to&lt;int, int&gt;" status="run" time="0" classname="int32_to_all_integral_types/pcm_clip_test/6" />
  </testsuite>
  <testsuite name="int32_to_all_integral_types/pcm_clip_test/7" tests="2" failures="0" disabled="0" errors="0" time="0">
    <testcase name="clip_to_max" type_param="from_to&lt;int, long&gt;" status="run" time="0" classname="int32_to_all_integral_types/pcm_clip_test/7" />
    <testcase name="clip_to_min" type_param="from_to&lt;int, long&gt;" status="run" time="0" classname="int32_to_all_integral_types/pcm_clip_test/7" />
  </testsuite>
  <testsuite name="int64_to_all_integral_types/pcm_clip_test/0" tests="2" failures="0" disabled="0" errors="0" time="0">
    <testcase name="clip_to_max" type_param="from_to&lt;long, unsigned char&gt;" status="run" time="0" classname="int64_to_all_integral_types/pcm_clip_test/0" />
    <testcase name="clip_to_min" type_param="from_to&lt;long, unsigned char&gt;" status="run" time="0" classname="int64_to_all_integral_types/pcm_clip_test/0" />
  </testsuite>
  <testsuite name="int64_to_all_integral_types/pcm_clip_test/1" tests="2" failures="0" disabled="0" errors="0" time="0">
    <testcase name="clip_to_max" type_param="from_to&lt;long, unsigned short&gt;" status="run" time="0" classname="int64_to_all_integral_types/pcm_clip_test/1" />
    <testcase name="clip_to_min" type_param="from_to&lt;long, unsigned short&gt;" status="run" time="0" classname="int64_to_all_integral_types/pcm_clip_test/1" />
  </testsuite>
  <testsuite name="int64_to_all_integral_types/pcm_clip_test/2" tests="2" failures="0" disabled="0" errors="0" time="0">
    <testcase name="clip_to_max" type_param="from_to&lt;long, unsigned int&gt;" status="run" time="0" classname="int64_to_all_integral_types/pcm_clip_test/2" />
    <testcase name="clip_to_min" type_param="from_to&lt;long, unsigned int&gt;" status="run" time="0" classname="int64_to_all_integral_types/pcm_clip_test/2" />
  </testsuite>
  <testsuite name="int64_to_all_integral_types/pcm_clip_test/3" tests="2" failures="0" disabled="0" errors="0" time="0">
    <testcase name="clip_to_max" type_param="from_to&lt;long, unsigned long&gt;" status="run" time="0" classname="int64_to_all_integral_types/pcm_clip_test/3" />
    <testcase name="clip_to_min" type_param="from_to&lt;long, unsigned long&gt;" status="run" time="0" classname="int64_to_all_integral_types/pcm_clip_test/3" />
  </testsuite>
  <testsuite name="int64_to_all_integral_types/pcm_clip_test/4" tests="2" failures="0" disabled="0" errors="0" time="0">
    <testcase name="clip_to_max" type_param="from_to&lt;long, signed char&gt;" status="run" time="0" classname="int64_to_all_integral_types/pcm_clip_test/4" />
    <testcase name="clip_to_min" type_param="from_to&lt;long, signed char&gt;" status="run" time="0" classname="int64_to_all_integral_types/pcm_clip_test/4" />
  </testsuite>
  <testsuite name="int64_to_all_integral_types/pcm_clip_test/5" tests="2" failures="0" disabled="0" errors="0" time="0">
    <testcase name="clip_to_max" type_param="from_to&lt;long, short&gt;" status="run" time="0" classname="int64_to_all_integral_types/pcm_clip_test/5" />
    <testcase name="clip_to_min" type_param="from_to&lt;long, short&gt;" status="run" time="0" classname="int64_to_all_integral_types/pcm_clip_test/5" />
  </testsuite>
  <testsuite name="int64_to_all_integral_types/pcm_clip_test/6" tests="2" failures="0" disabled="0" errors="0" time="0">
    <testcase name="clip_to_max" type_param="from_to&lt;long, int&gt;" status="run" time="0" classname="int64_to_all_integral_types/pcm_clip_test/6" />
    <testcase name="clip_to_min" type_param="from_to&lt;long, int&gt;" status="run" time="0" classname="int64_to_all_integral_types/pcm_clip_test/6" />
  </testsuite>
  <testsuite name="int64_to_all_integral_types/pcm_clip_test/7" tests="2" failures="0" disabled="0" errors="0" time="0">
    <testcase name="clip_to_max" type_param="from_to&lt;long, long&gt;" status="run" time="0" classname="int64_to_all_integral_types/pcm_clip_test/7" />
    <testcase name="clip_to_min" type_param="from_to&lt;long, long&gt;" status="run" time="0" classname="int64_to_all_integral_types/pcm_clip_test/7" />
  </testsuite>
  <testsuite name="float_to_all_integral_types/pcm_clip_test/0" tests="2" failures="0" disabled="0" errors="0" time="0">
    <testcase name="clip_to_max" type_param="from_to&lt;float, unsigned char&gt;" status="run" time="0" classname="float_to_all_integral_types/pcm_clip_test/0" />
    <testcase name="clip_to_min" type_param="from_to&lt;float, unsigned char&gt;" status="run" time="0" classname="float_to_all_integral_types/pcm_clip_test/0" />
  </testsuite>
  <testsuite name="float_to_all_integral_types/pcm_clip_test/1" tests="2" failures="0" disabled="0" errors="0" time="0">
    <testcase name="clip_to_max" type_param="from_to&lt;float, unsigned short&gt;" status="run" time="0" classname="float_to_all_integral_types/pcm_clip_test/1" />
    <testcase name="clip_to_min" type_param="from_to&lt;float, unsigned short&gt;" status="run" time="0" classname="float_to_all_integral_types/pcm_clip_test/1" />
  </testsuite>
  <testsuite name="float_to_all_integral_types/pcm_clip_test/2" tests="2" failures="0" disabled="0" errors="0" time="0">
    <testcase name="clip_to_max" type_param="from_to&lt;float, unsigned int&gt;" status="run" time="0" classname="float_to_all_integral_types/pcm_clip_test/2" />
    <testcase name="clip_to_min" type_param="from_to&lt;float, unsigned int&gt;" status="run" time="0" classname="float_to_all_integral_types/pcm_clip_test/2" />
  </testsuite>
  <testsuite name="float_to_all_integral_types/pcm_clip_test/3" tests="2" failures="0" disabled="0" errors="0" time="0">
    <testcase name="clip_to_max" type_param="from_to&lt;float, unsigned long&gt;" status="run" time="0" classname="float_to_all_integral_types/pcm_clip_test/3" />
    <testcase name="clip_to_min" type_param="from_to&lt;float, unsigned long&gt;" status="run" time="0" classname="float_to_all_integral_types/pcm_clip_test/3" />
  </testsuite>
  <testsuite name="float_to_all_integral_types/pcm_clip_test/4" tests="2" failures="0" disabled="0" errors="0" time="0">
    <testcase name="clip_to_max" type_param="from_to&lt;float, signed char&gt;" status="run" time="0" classname="float_to_all_integral_types/pcm_clip_test/4" />
    <testcase name="clip_to_min" type_param="from_to&lt;float, signed char&gt;" status="run" time="0" classname="float_to_all_integral_types/pcm_clip_test/4" />
  </testsuite>
  <testsuite name="float_to_all_integral_types/pcm_clip_test/5" tests="2" failures="0" disabled="0" errors="0" time="0.001">
    <testcase name="clip_to_max" type_param="from_to&lt;float, short&gt;" status="run" time="0" classname="float_to_all_integral_types/pcm_clip_test/5" />
    <testcase name="clip_to_min" type_param="from_to&lt;float, short&gt;" status="run" time="0" classname="float_to_all_integral_types/pcm_clip_test/5" />
  </testsuite>
  <testsuite name="float_to_all_integral_types/pcm_clip_test/6" tests="2" failures="0" disabled="0" errors="0" time="0">
    <testcase name="clip_to_max" type_param="from_to&lt;float, int&gt;" status="run" time="0" classname="float_to_all_integral_types/pcm_clip_test/6" />
    <testcase name="clip_to_min" type_param="from_to&lt;float, int&gt;" status="run" time="0" classname="float_to_all_integral_types/pcm_clip_test/6" />
  </testsuite>
  <testsuite name="float_to_all_integral_types/pcm_clip_test/7" tests="2" failures="0" disabled="0" errors="0" time="0">
    <testcase name="clip_to_max" type_param="from_to&lt;float, long&gt;" status="run" time="0" classname="float_to_all_integral_types/pcm_clip_test/7" />
    <testcase name="clip_to_min" type_param="from_to&lt;float, long&gt;" status="run" time="0" classname="float_to_all_integral_types/pcm_clip_test/7" />
  </testsuite>
  <testsuite name="double_to_all_integral_types/pcm_clip_test/0" tests="2" failures="0" disabled="0" errors="0" time="0">
    <testcase name="clip_to_max" type_param="from_to&lt;double, unsigned char&gt;" status="run" time="0" classname="double_to_all_integral_types/pcm_clip_test/0" />
    <testcase name="clip_to_min" type_param="from_to&lt;double, unsigned char&gt;" status="run" time="0" classname="double_to_all_integral_types/pcm_clip_test/0" />
  </testsuite>
  <testsuite name="double_to_all_integral_types/pcm_clip_test/1" tests="2" failures="0" disabled="0" errors="0" time="0">
    <testcase name="clip_to_max" type_param="from_to&lt;double, unsigned short&gt;" status="run" time="0" classname="double_to_all_integral_types/pcm_clip_test/1" />
    <testcase name="clip_to_min" type_param="from_to&lt;double, unsigned short&gt;" status="run" time="0" classname="double_to_all_integral_types/pcm_clip_test/1" />
  </testsuite>
  <testsuite name="double_to_all_integral_types/pcm_clip_test/2" tests="2" failures="0" disabled="0" errors="0" time="0">
    <testcase name="clip_to_max" type_param="from_to&lt;double, unsigned int&gt;" status="run" time="0" classname="double_to_all_integral_types/pcm_clip_test/2" />
    <testcase name="clip_to_min" type_param="from_to&lt;double, unsigned int&gt;" status="run" time="0" classname="double_to_all_integral_types/pcm_clip_test/2" />
  </testsuite>
  <testsuite name="double_to_all_integral_types/pcm_clip_test/3" tests="2" failures="0" disabled="0" errors="0" time="0">
    <testcase name="clip_to_max" type_param="from_to&lt;double, unsigned long&gt;" status="run" time="0" classname="double_to_all_integral_types/pcm_clip_test/3" />
    <testcase name="clip_to_min" type_param="from_to&lt;double, unsigned long&gt;" status="run" time="0" classname="double_to_all_integral_types/pcm_clip_test/3" />
  </testsuite>
  <testsuite name="double_to_all_integral_types/pcm_clip_test/4" tests="2" failures="0" disabled="0" errors="0" time="0">
    <testcase name="clip_to_max" type_param="from_to&lt;double, signed char&gt;" status="run" time="0" classname="double_to_all_integral_types/pcm_clip_test/4" />
    <testcase name="clip_to_min" type_param="from_to&lt;double, signed char&gt;" status="run" time="0" classname="double_to_all_integral_types/pcm_clip_test/4" />
  </testsuite>
  <testsuite name="double_to_all_integral_types/pcm_clip_test/5" tests="2" failures="0" disabled="0" errors="0" time="0">
    <testcase name="clip_to_max" type_param="from_to&lt;double, short&gt;" status="run" time="0" classname="double_to_all_integral_types/pcm_clip_test/5" />
    <testcase name="clip_to_min" type_param="from_to&lt;double, short&gt;" status="run" time="0" classname="double_to_all_integral_types/pcm_clip_test/5" />
  </testsuite>
  <testsuite name="double_to_all_integral_types/pcm_clip_test/6" tests="2" failures="0" disabled="0" errors="0" time="0">
    <testcase name="clip_to_max" type_param="from_to&lt;double, int&gt;" status="run" time="0" classname="double_to_all_integral_types/pcm_clip_test/6" />
    <testcase name="clip_to_min" type_param="from_to&lt;double, int&gt;" status="run" time="0" classname="double_to_all_integral_types/pcm_clip_test/6" />
  </testsuite>
  <testsuite name="double_to_all_integral_types/pcm_clip_test/7" tests="2" failures="0" disabled="0" errors="0" time="0">
    <testcase name="clip_to_max" type_param="from_to&lt;double, long&gt;" status="run" time="0" classname="double_to_all_integral_types/pcm_clip_test/7" />
    <testcase name="clip_to_min" type_param="from_to&lt;double, long&gt;" status="run" time="0" classname="double_to_all_integral_types/pcm_clip_test/7" />
  </testsuite>
  <testsuite name="dispatch_test" tests="1" failures="0" disabled="0" errors="0" time="0.042">
    <testcase name="dispatch_throws_runtime_error_on_imcompatible_formats" status="run" time="0.042" classname="dispatch_test" />
  </testsuite>
  <testsuite name="all/limits/0" tests="5" failures="0" disabled="0" errors="0" time="0">
    <testcase name="expect_equidistant" type_param="unsigned char" status="run" time="0" classname="all/limits/0" />
    <testcase name="expect_size" type_param="unsigned char" status="run" time="0" classname="all/limits/0" />
    <testcase name="expect_min" type_param="unsigned char" status="run" time="0" classname="all/limits/0" />
    <testcase name="expect_max" type_param="unsigned char" status="run" time="0" classname="all/limits/0" />
    <testcase name="expect_zero" type_param="unsigned char" status="run" time="0" classname="all/limits/0" />
  </testsuite>
  <testsuite name="all/limits/1" tests="5" failures="0" disabled="0" errors="0" time="0.008">
    <testcase name="expect_equidistant" type_param="unsigned short" status="run" time="0" classname="all/limits/1" />
    <testcase name="expect_size" type_param="unsigned short" status="run" time="0.004" classname="all/limits/1" />
    <testcase name="expect_min" type_param="unsigned short" status="run" time="0" classname="all/limits/1" />
    <testcase name="expect_max" type_param="unsigned short" status="run" time="0" classname="all/limits/1" />
    <testcase name="expect_zero" type_param="unsigned short" status="run" time="0.004" classname="all/limits/1" />
  </testsuite>
  <testsuite name="all/limits/2" tests="5" failures="0" disabled="0" errors="0" time="286.96">
    <testcase name="expect_equidistant" type_param="unsigned int" status="run" time="0" classname="all/limits/2" />
    <testcase name="expect_size" type_param="unsigned int" status="run" time="146.707" classname="all/limits/2" />
    <testcase name="expect_min" type_param="unsigned int" status="run" time="0" classname="all/limits/2" />
    <testcase name="expect_max" type_param="unsigned int" status="run" time="0" classname="all/limits/2" />
    <testcase name="expect_zero" type_param="unsigned int" status="run" time="140.253" classname="all/limits/2" />
  </testsuite>
  <testsuite name="all/limits/3" tests="5" failures="0" disabled="0" errors="0" time="281.251">
    <testcase name="expect_equidistant" type_param="unsigned long" status="run" time="0" classname="all/limits/3" />
    <testcase name="expect_size" type_param="unsigned long" status="run" time="141.981" classname="all/limits/3" />
    <testcase name="expect_min" type_param="unsigned long" status="run" time="0" classname="all/limits/3" />
    <testcase name="expect_max" type_param="unsigned long" status="run" time="0" classname="all/limits/3" />
    <testcase name="expect_zero" type_param="unsigned long" status="run" time="139.27" classname="all/limits/3" />
  </testsuite>
  <testsuite name="all/limits/4" tests="5" failures="0" disabled="0" errors="0" time="0">
    <testcase name="expect_equidistant" type_param="signed char" status="run" time="0" classname="all/limits/4" />
    <testcase name="expect_size" type_param="signed char" status="run" time="0" classname="all/limits/4" />
    <testcase name="expect_min" type_param="signed char" status="run" time="0" classname="all/limits/4" />
    <testcase name="expect_max" type_param="signed char" status="run" time="0" classname="all/limits/4" />
    <testcase name="expect_zero" type_param="signed char" status="run" time="0" classname="all/limits/4" />
  </testsuite>
  <testsuite name="all/limits/5" tests="5" failures="0" disabled="0" errors="0" time="0.01">
    <testcase name="expect_equidistant" type_param="short" status="run" time="0" classname="all/limits/5" />
    <testcase name="expect_size" type_param="short" status="run" time="0.005" classname="all/limits/5" />
    <testcase name="expect_min" type_param="short" status="run" time="0" classname="all/limits/5" />
    <testcase name="expect_max" type_param="short" status="run" time="0" classname="all/limits/5" />
    <testcase name="expect_zero" type_param="short" status="run" time="0.005" classname="all/limits/5" />
  </testsuite>
  <testsuite name="all/limits/6" tests="5" failures="0" disabled="0" errors="0" time="279.718">
    <testcase name="expect_equidistant" type_param="int" status="run" time="0" classname="all/limits/6" />
    <testcase name="expect_size" type_param="int" status="run" time="143.28" classname="all/limits/6" />
    <testcase name="expect_min" type_param="int" status="run" time="0" classname="all/limits/6" />
    <testcase name="expect_max" type_param="int" status="run" time="0" classname="all/limits/6" />
    <testcase name="expect_zero" type_param="int" status="run" time="136.438" classname="all/limits/6" />
  </testsuite>
  <testsuite name="all/limits/7" tests="5" failures="0" disabled="0" errors="0" time="276.121">
    <testcase name="expect_equidistant" type_param="long" status="run" time="0" classname="all/limits/7" />
    <testcase name="expect_size" type_param="long" status="run" time="137.821" classname="all/limits/7" />
    <testcase name="expect_min" type_param="long" status="run" time="0" classname="all/limits/7" />
    <testcase name="expect_max" type_param="long" status="run" time="0" classname="all/limits/7" />
    <testcase name="expect_zero" type_param="long" status="run" time="138.3" classname="all/limits/7" />
  </testsuite>
  <testsuite name="all/limits/8" tests="5" failures="0" disabled="0" errors="0" time="2.158">
    <testcase name="expect_equidistant" type_param="float" status="run" time="0" classname="all/limits/8" />
    <testcase name="expect_size" type_param="float" status="run" time="1.108" classname="all/limits/8" />
    <testcase name="expect_min" type_param="float" status="run" time="0" classname="all/limits/8" />
    <testcase name="expect_max" type_param="float" status="run" time="0" classname="all/limits/8" />
    <testcase name="expect_zero" type_param="float" status="run" time="1.05" classname="all/limits/8" />
  </testsuite>
  <testsuite name="all/limits/9" tests="5" failures="0" disabled="0" errors="0" time="272.673">
    <testcase name="expect_equidistant" type_param="double" status="run" time="0" classname="all/limits/9" />
    <testcase name="expect_size" type_param="double" status="run" time="135.738" classname="all/limits/9" />
    <testcase name="expect_min" type_param="double" status="run" time="0" classname="all/limits/9" />
    <testcase name="expect_max" type_param="double" status="run" time="0" classname="all/limits/9" />
    <testcase name="expect_zero" type_param="double" status="run" time="136.935" classname="all/limits/9" />
  </testsuite>
  <testsuite name="pcm_iterator_test" tests="7" failures="0" disabled="0" errors="0" time="0">
    <testcase name="const_mutable_convertible" status="run" time="0" classname="pcm_iterator_test" />
    <testcase name="const_mutable_assignable" status="run" time="0" classname="pcm_iterator_test" />
    <testcase name="const_mutable_comparable" status="run" time="0" classname="pcm_iterator_test" />
    <testcase name="compiletime_to_runtime_convertible" status="run" time="0" classname="pcm_iterator_test" />
    <testcase name="runtime_to_compiletime_convertible" status="run" time="0" classname="pcm_iterator_test" />
    <testcase name="runtime_to_compiletime_assignable" status="run" time="0" classname="pcm_iterator_test" />
    <testcase name="compiletime_to_runtime_assignable" status="run" time="0" classname="pcm_iterator_test" />
  </testsuite>
  <testsuite name="Uint8ToAll/PcmIteratorTest/0" tests="2" failures="0" disabled="0" errors="0" time="0.14">
    <testcase name="iterator_based_copy_test" type_param="vf&lt;unsigned char, pcm::compiletime_format&lt;(pcm::number_type)0, (pcm::bitwidth_type)8, (pcm::endian_type)0&gt;, std::vector&lt;unsigned char, std::allocator&lt;unsigned char&gt; &gt;, std::__cxx11::list&lt;unsigned char, std::allocator&lt;unsigned char&gt; &gt;, std::vector&lt;unsigned char, std::allocator&lt;unsigned char&gt; &gt; &gt;" status="run" time="0.139" classname="Uint8ToAll/PcmIteratorTest/0" />
    <testcase name="range_based_copy_test" type_param="vf&lt;unsigned char, pcm::compiletime_format&lt;(pcm::number_type)0, (pcm::bitwidth_type)8, (pcm::endian_type)0&gt;, std::vector&lt;unsigned char, std::allocator&lt;unsigned char&gt; &gt;, std::__cxx11::list&lt;unsigned char, std::allocator&lt;unsigned char&gt; &gt;, std::vector&lt;unsigned char, std::allocator&lt;unsigned char&gt; &gt; &gt;" status="run" time="0.001" classname="Uint8ToAll/PcmIteratorTest/0" />
  </testsuite>
  <testsuite name="Uint8ToAll/PcmIteratorTest/1" tests="2" failures="0" disabled="0" errors="0" time="0.022">
[...]
  </testsuite>
  <testsuite name="DoubleToAll/PcmIteratorTest/6" tests="2" failures="0" disabled="0" errors="0" time="0.003">
    <testcase name="iterator_based_copy_test" type_param="vf&lt;double, pcm::compiletime_format&lt;(pcm::number_type)0, (pcm::bitwidth_type)32, (pcm::endian_type)0&gt;, std::vector&lt;double, std::allocator&lt;double&gt; &gt;, std::__cxx11::list&lt;unsigned char, std::allocator&lt;unsigned char&gt; &gt;, std::vector&lt;double, std::allocator&lt;double&gt; &gt; &gt;" status="run" time="0.001" classname="DoubleToAll/PcmIteratorTest/6" />
    <testcase name="range_based_copy_test" type_param="vf&lt;double, pcm::compiletime_format&lt;(pcm::number_type)0, (pcm::bitwidth_type)32, (pcm::endian_type)0&gt;, std::vector&lt;double, std::allocator&lt;double&gt; &gt;, std::__cxx11::list&lt;unsigned char, std::allocator&lt;unsigned char&gt; &gt;, std::vector&lt;double, std::allocator&lt;double&gt; &gt; &gt;" status="run" time="0.002" classname="DoubleToAll/PcmIteratorTest/6" />
  </testsuite>
  <testsuite name="DoubleToAll/PcmIteratorTest/7" tests="2" failures="0" disabled="0" errors="0" time="0.002">
    <testcase name="iterator_based_copy_test" type_param="vf&lt;double, pcm::compiletime_format&lt;(pcm::number_type)0, (pcm::bitwidth_type)32, (pcm::endian_type)1&gt;, std::vector&lt;double, std::allocator&lt;double&gt; &gt;, std::__cxx11::list&lt;unsigned char, std::allocator&lt;unsigned char&gt; &gt;, std::vector&lt;double, std::allocator&lt;double&gt; &gt; &gt;" status="run" time="0.001" classname="DoubleToAll/PcmIteratorTest/7" />
    <testcase name="range_based_copy_test" type_param="vf&lt;double, pcm::compiletime_format&lt;(pcm::number_type)0, (pcm::bitwidth_type)32, (pcm::endian_type)1&gt;, std::vector&lt;double, std::allocator&lt;double&gt; &gt;, std::__cxx11::list&lt;unsigned char, std::allocator&lt;unsigned char&gt; &gt;, std::vector&lt;double, std::allocator&lt;double&gt; &gt; &gt;" status="run" time="0.001" classname="DoubleToAll/PcmIteratorTest/7" />
  </testsuite>
  <testsuite name="DoubleToAll/PcmIteratorTest/8" tests="2" failures="0" disabled="0" errors="0" time="0.004">
    <testcase name="iterator_based_copy_test" type_param="vf&lt;double, pcm::compiletime_format&lt;(pcm::number_type)0, (pcm::bitwidth_type)64, (pcm::endian_type)0&gt;, std::vector&lt;double, std::allocator&lt;double&gt; &gt;, std::__cxx11::list&lt;unsigned char, std::allocator&lt;unsigned char&gt; &gt;, std::vector&lt;double, std::allocator&lt;double&gt; &gt; &gt;" status="run" time="0.002" classname="DoubleToAll/PcmIteratorTest/8" />
    <testcase name="range_based_copy_test" type_param="vf&lt;double, pcm::compiletime_format&lt;(pcm::number_type)0, (pcm::bitwidth_type)64, (pcm::endian_type)0&gt;, std::vector&lt;double, std::allocator&lt;double&gt; &gt;, std::__cxx11::list&lt;unsigned char, std::allocator&lt;unsigned char&gt; &gt;, std::vector&lt;double, std::allocator&lt;double&gt; &gt; &gt;" status="run" time="0.002" classname="DoubleToAll/PcmIteratorTest/8" />
  </testsuite>
  <testsuite name="DoubleToAll/PcmIteratorTest/9" tests="2" failures="0" disabled="0" errors="0" time="0.004">
    <testcase name="iterator_based_copy_test" type_param="vf&lt;double, pcm::compiletime_format&lt;(pcm::number_type)0, (pcm::bitwidth_type)64, (pcm::endian_type)1&gt;, std::vector&lt;double, std::allocator&lt;double&gt; &gt;, std::__cxx11::list&lt;unsigned char, std::allocator&lt;unsigned char&gt; &gt;, std::vector&lt;double, std::allocator&lt;double&gt; &gt; &gt;" status="run" time="0.002" classname="DoubleToAll/PcmIteratorTest/9" />
    <testcase name="range_based_copy_test" type_param="vf&lt;double, pcm::compiletime_format&lt;(pcm::number_type)0, (pcm::bitwidth_type)64, (pcm::endian_type)1&gt;, std::vector&lt;double, std::allocator&lt;double&gt; &gt;, std::__cxx11::list&lt;unsigned char, std::allocator&lt;unsigned char&gt; &gt;, std::vector&lt;double, std::allocator&lt;double&gt; &gt; &gt;" status="run" time="0.002" classname="DoubleToAll/PcmIteratorTest/9" />
  </testsuite>
  <testsuite name="DoubleToAll/PcmIteratorTest/10" tests="2" failures="0" disabled="0" errors="0" time="0.002">
    <testcase name="iterator_based_copy_test" type_param="vf&lt;double, pcm::compiletime_format&lt;(pcm::number_type)1, (pcm::bitwidth_type)8, (pcm::endian_type)0&gt;, std::vector&lt;double, std::allocator&lt;double&gt; &gt;, std::__cxx11::list&lt;unsigned char, std::allocator&lt;unsigned char&gt; &gt;, std::vector&lt;double, std::allocator&lt;double&gt; &gt; &gt;" status="run" time="0.001" classname="DoubleToAll/PcmIteratorTest/10" />
    <testcase name="range_based_copy_test" type_param="vf&lt;double, pcm::compiletime_format&lt;(pcm::number_type)1, (pcm::bitwidth_type)8, (pcm::endian_type)0&gt;, std::vector&lt;double, std::allocator&lt;double&gt; &gt;, std::__cxx11::list&lt;unsigned char, std::allocator&lt;unsigned char&gt; &gt;, std::vector&lt;double, std::allocator&lt;double&gt; &gt; &gt;" status="run" time="0.001" classname="DoubleToAll/PcmIteratorTest/10" />
  </testsuite>
  <testsuite name="DoubleToAll/PcmIteratorTest/11" tests="2" failures="0" disabled="0" errors="0" time="0.001">
    <testcase name="iterator_based_copy_test" type_param="vf&lt;double, pcm::compiletime_format&lt;(pcm::number_type)1, (pcm::bitwidth_type)8, (pcm::endian_type)1&gt;, std::vector&lt;double, std::allocator&lt;double&gt; &gt;, std::__cxx11::list&lt;unsigned char, std::allocator&lt;unsigned char&gt; &gt;, std::vector&lt;double, std::allocator&lt;double&gt; &gt; &gt;" status="run" time="0" classname="DoubleToAll/PcmIteratorTest/11" />
    <testcase name="range_based_copy_test" type_param="vf&lt;double, pcm::compiletime_format&lt;(pcm::number_type)1, (pcm::bitwidth_type)8, (pcm::endian_type)1&gt;, std::vector&lt;double, std::allocator&lt;double&gt; &gt;, std::__cxx11::list&lt;unsigned char, std::allocator&lt;unsigned char&gt; &gt;, std::vector&lt;double, std::allocator&lt;double&gt; &gt; &gt;" status="run" time="0.001" classname="DoubleToAll/PcmIteratorTest/11" />
  </testsuite>
  <testsuite name="DoubleToAll/PcmIteratorTest/12" tests="2" failures="0" disabled="0" errors="0" time="0.002">
    <testcase name="iterator_based_copy_test" type_param="vf&lt;double, pcm::compiletime_format&lt;(pcm::number_type)1, (pcm::bitwidth_type)16, (pcm::endian_type)0&gt;, std::vector&lt;double, std::allocator&lt;double&gt; &gt;, std::__cxx11::list&lt;unsigned char, std::allocator&lt;unsigned char&gt; &gt;, std::vector&lt;double, std::allocator&lt;double&gt; &gt; &gt;" status="run" time="0.001" classname="DoubleToAll/PcmIteratorTest/12" />
    <testcase name="range_based_copy_test" type_param="vf&lt;double, pcm::compiletime_format&lt;(pcm::number_type)1, (pcm::bitwidth_type)16, (pcm::endian_type)0&gt;, std::vector&lt;double, std::allocator&lt;double&gt; &gt;, std::__cxx11::list&lt;unsigned char, std::allocator&lt;unsigned char&gt; &gt;, std::vector&lt;double, std::allocator&lt;double&gt; &gt; &gt;" status="run" time="0.001" classname="DoubleToAll/PcmIteratorTest/12" />
  </testsuite>
  <testsuite name="DoubleToAll/PcmIteratorTest/13" tests="2" failures="0" disabled="0" errors="0" time="0.002">
    <testcase name="iterator_based_copy_test" type_param="vf&lt;double, pcm::compiletime_format&lt;(pcm::number_type)1, (pcm::bitwidth_type)16, (pcm::endian_type)1&gt;, std::vector&lt;double, std::allocator&lt;double&gt; &gt;, std::__cxx11::list&lt;unsigned char, std::allocator&lt;unsigned char&gt; &gt;, std::vector&lt;double, std::allocator&lt;double&gt; &gt; &gt;" status="run" time="0.001" classname="DoubleToAll/PcmIteratorTest/13" />
    <testcase name="range_based_copy_test" type_param="vf&lt;double, pcm::compiletime_format&lt;(pcm::number_type)1, (pcm::bitwidth_type)16, (pcm::endian_type)1&gt;, std::vector&lt;double, std::allocator&lt;double&gt; &gt;, std::__cxx11::list&lt;unsigned char, std::allocator&lt;unsigned char&gt; &gt;, std::vector&lt;double, std::allocator&lt;double&gt; &gt; &gt;" status="run" time="0.001" classname="DoubleToAll/PcmIteratorTest/13" />
  </testsuite>
  <testsuite name="DoubleToAll/PcmIteratorTest/14" tests="2" failures="0" disabled="0" errors="0" time="0.002">
    <testcase name="iterator_based_copy_test" type_param="vf&lt;double, pcm::compiletime_format&lt;(pcm::number_type)1, (pcm::bitwidth_type)24, (pcm::endian_type)0&gt;, std::vector&lt;double, std::allocator&lt;double&gt; &gt;, std::__cxx11::list&lt;unsigned char, std::allocator&lt;unsigned char&gt; &gt;, std::vector&lt;double, std::allocator&lt;double&gt; &gt; &gt;" status="run" time="0.001" classname="DoubleToAll/PcmIteratorTest/14" />
    <testcase name="range_based_copy_test" type_param="vf&lt;double, pcm::compiletime_format&lt;(pcm::number_type)1, (pcm::bitwidth_type)24, (pcm::endian_type)0&gt;, std::vector&lt;double, std::allocator&lt;double&gt; &gt;, std::__cxx11::list&lt;unsigned char, std::allocator&lt;unsigned char&gt; &gt;, std::vector&lt;double, std::allocator&lt;double&gt; &gt; &gt;" status="run" time="0.001" classname="DoubleToAll/PcmIteratorTest/14" />
  </testsuite>
  <testsuite name="DoubleToAll/PcmIteratorTest/15" tests="2" failures="0" disabled="0" errors="0" time="0.002">
    <testcase name="iterator_based_copy_test" type_param="vf&lt;double, pcm::compiletime_format&lt;(pcm::number_type)1, (pcm::bitwidth_type)24, (pcm::endian_type)1&gt;, std::vector&lt;double, std::allocator&lt;double&gt; &gt;, std::__cxx11::list&lt;unsigned char, std::allocator&lt;unsigned char&gt; &gt;, std::vector&lt;double, std::allocator&lt;double&gt; &gt; &gt;" status="run" time="0.001" classname="DoubleToAll/PcmIteratorTest/15" />
    <testcase name="range_based_copy_test" type_param="vf&lt;double, pcm::compiletime_format&lt;(pcm::number_type)1, (pcm::bitwidth_type)24, (pcm::endian_type)1&gt;, std::vector&lt;double, std::allocator&lt;double&gt; &gt;, std::__cxx11::list&lt;unsigned char, std::allocator&lt;unsigned char&gt; &gt;, std::vector&lt;double, std::allocator&lt;double&gt; &gt; &gt;" status="run" time="0.001" classname="DoubleToAll/PcmIteratorTest/15" />
  </testsuite>
  <testsuite name="DoubleToAll/PcmIteratorTest/16" tests="2" failures="0" disabled="0" errors="0" time="0.002">
    <testcase name="iterator_based_copy_test" type_param="vf&lt;double, pcm::compiletime_format&lt;(pcm::number_type)1, (pcm::bitwidth_type)32, (pcm::endian_type)0&gt;, std::vector&lt;double, std::allocator&lt;double&gt; &gt;, std::__cxx11::list&lt;unsigned char, std::allocator&lt;unsigned char&gt; &gt;, std::vector&lt;double, std::allocator&lt;double&gt; &gt; &gt;" status="run" time="0.001" classname="DoubleToAll/PcmIteratorTest/16" />
    <testcase name="range_based_copy_test" type_param="vf&lt;double, pcm::compiletime_format&lt;(pcm::number_type)1, (pcm::bitwidth_type)32, (pcm::endian_type)0&gt;, std::vector&lt;double, std::allocator&lt;double&gt; &gt;, std::__cxx11::list&lt;unsigned char, std::allocator&lt;unsigned char&gt; &gt;, std::vector&lt;double, std::allocator&lt;double&gt; &gt; &gt;" status="run" time="0.001" classname="DoubleToAll/PcmIteratorTest/16" />
  </testsuite>
  <testsuite name="DoubleToAll/PcmIteratorTest/17" tests="2" failures="0" disabled="0" errors="0" time="0.003">
    <testcase name="iterator_based_copy_test" type_param="vf&lt;double, pcm::compiletime_format&lt;(pcm::number_type)1, (pcm::bitwidth_type)32, (pcm::endian_type)1&gt;, std::vector&lt;double, std::allocator&lt;double&gt; &gt;, std::__cxx11::list&lt;unsigned char, std::allocator&lt;unsigned char&gt; &gt;, std::vector&lt;double, std::allocator&lt;double&gt; &gt; &gt;" status="run" time="0.001" classname="DoubleToAll/PcmIteratorTest/17" />
    <testcase name="range_based_copy_test" type_param="vf&lt;double, pcm::compiletime_format&lt;(pcm::number_type)1, (pcm::bitwidth_type)32, (pcm::endian_type)1&gt;, std::vector&lt;double, std::allocator&lt;double&gt; &gt;, std::__cxx11::list&lt;unsigned char, std::allocator&lt;unsigned char&gt; &gt;, std::vector&lt;double, std::allocator&lt;double&gt; &gt; &gt;" status="run" time="0.002" classname="DoubleToAll/PcmIteratorTest/17" />
  </testsuite>
  <testsuite name="DoubleToAll/PcmIteratorTest/18" tests="2" failures="0" disabled="0" errors="0" time="0.004">
    <testcase name="iterator_based_copy_test" type_param="vf&lt;double, pcm::compiletime_format&lt;(pcm::number_type)1, (pcm::bitwidth_type)64, (pcm::endian_type)0&gt;, std::vector&lt;double, std::allocator&lt;double&gt; &gt;, std::__cxx11::list&lt;unsigned char, std::allocator&lt;unsigned char&gt; &gt;, std::vector&lt;double, std::allocator&lt;double&gt; &gt; &gt;" status="run" time="0.002" classname="DoubleToAll/PcmIteratorTest/18" />
    <testcase name="range_based_copy_test" type_param="vf&lt;double, pcm::compiletime_format&lt;(pcm::number_type)1, (pcm::bitwidth_type)64, (pcm::endian_type)0&gt;, std::vector&lt;double, std::allocator&lt;double&gt; &gt;, std::__cxx11::list&lt;unsigned char, std::allocator&lt;unsigned char&gt; &gt;, std::vector&lt;double, std::allocator&lt;double&gt; &gt; &gt;" status="run" time="0.002" classname="DoubleToAll/PcmIteratorTest/18" />
  </testsuite>
  <testsuite name="DoubleToAll/PcmIteratorTest/19" tests="2" failures="0" disabled="0" errors="0" time="0.003">
    <testcase name="iterator_based_copy_test" type_param="vf&lt;double, pcm::compiletime_format&lt;(pcm::number_type)1, (pcm::bitwidth_type)64, (pcm::endian_type)1&gt;, std::vector&lt;double, std::allocator&lt;double&gt; &gt;, std::__cxx11::list&lt;unsigned char, std::allocator&lt;unsigned char&gt; &gt;, std::vector&lt;double, std::allocator&lt;double&gt; &gt; &gt;" status="run" time="0.001" classname="DoubleToAll/PcmIteratorTest/19" />
    <testcase name="range_based_copy_test" type_param="vf&lt;double, pcm::compiletime_format&lt;(pcm::number_type)1, (pcm::bitwidth_type)64, (pcm::endian_type)1&gt;, std::vector&lt;double, std::allocator&lt;double&gt; &gt;, std::__cxx11::list&lt;unsigned char, std::allocator&lt;unsigned char&gt; &gt;, std::vector&lt;double, std::allocator&lt;double&gt; &gt; &gt;" status="run" time="0.002" classname="DoubleToAll/PcmIteratorTest/19" />
  </testsuite>
  <testsuite name="DoubleToAll/PcmIteratorTest/20" tests="2" failures="0" disabled="0" errors="0" time="0.003">
    <testcase name="iterator_based_copy_test" type_param="vf&lt;double, pcm::compiletime_format&lt;(pcm::number_type)2, (pcm::bitwidth_type)32, (pcm::endian_type)0&gt;, std::vector&lt;double, std::allocator&lt;double&gt; &gt;, std::__cxx11::list&lt;unsigned char, std::allocator&lt;unsigned char&gt; &gt;, std::vector&lt;double, std::allocator&lt;double&gt; &gt; &gt;" status="run" time="0.001" classname="DoubleToAll/PcmIteratorTest/20" />
    <testcase name="range_based_copy_test" type_param="vf&lt;double, pcm::compiletime_format&lt;(pcm::number_type)2, (pcm::bitwidth_type)32, (pcm::endian_type)0&gt;, std::vector&lt;double, std::allocator&lt;double&gt; &gt;, std::__cxx11::list&lt;unsigned char, std::allocator&lt;unsigned char&gt; &gt;, std::vector&lt;double, std::allocator&lt;double&gt; &gt; &gt;" status="run" time="0.002" classname="DoubleToAll/PcmIteratorTest/20" />
  </testsuite>
  <testsuite name="DoubleToAll/PcmIteratorTest/21" tests="2" failures="0" disabled="0" errors="0" time="0.002">
    <testcase name="iterator_based_copy_test" type_param="vf&lt;double, pcm::compiletime_format&lt;(pcm::number_type)2, (pcm::bitwidth_type)32, (pcm::endian_type)1&gt;, std::vector&lt;double, std::allocator&lt;double&gt; &gt;, std::__cxx11::list&lt;unsigned char, std::allocator&lt;unsigned char&gt; &gt;, std::vector&lt;double, std::allocator&lt;double&gt; &gt; &gt;" status="run" time="0.001" classname="DoubleToAll/PcmIteratorTest/21" />
    <testcase name="range_based_copy_test" type_param="vf&lt;double, pcm::compiletime_format&lt;(pcm::number_type)2, (pcm::bitwidth_type)32, (pcm::endian_type)1&gt;, std::vector&lt;double, std::allocator&lt;double&gt; &gt;, std::__cxx11::list&lt;unsigned char, std::allocator&lt;unsigned char&gt; &gt;, std::vector&lt;double, std::allocator&lt;double&gt; &gt; &gt;" status="run" time="0.001" classname="DoubleToAll/PcmIteratorTest/21" />
  </testsuite>
  <testsuite name="DoubleToAll/PcmIteratorTest/22" tests="2" failures="0" disabled="0" errors="0" time="0.004">
    <testcase name="iterator_based_copy_test" type_param="vf&lt;double, pcm::compiletime_format&lt;(pcm::number_type)2, (pcm::bitwidth_type)64, (pcm::endian_type)0&gt;, std::vector&lt;double, std::allocator&lt;double&gt; &gt;, std::__cxx11::list&lt;unsigned char, std::allocator&lt;unsigned char&gt; &gt;, std::vector&lt;double, std::allocator&lt;double&gt; &gt; &gt;" status="run" time="0.002" classname="DoubleToAll/PcmIteratorTest/22" />
    <testcase name="range_based_copy_test" type_param="vf&lt;double, pcm::compiletime_format&lt;(pcm::number_type)2, (pcm::bitwidth_type)64, (pcm::endian_type)0&gt;, std::vector&lt;double, std::allocator&lt;double&gt; &gt;, std::__cxx11::list&lt;unsigned char, std::allocator&lt;unsigned char&gt; &gt;, std::vector&lt;double, std::allocator&lt;double&gt; &gt; &gt;" status="run" time="0.002" classname="DoubleToAll/PcmIteratorTest/22" />
  </testsuite>
  <testsuite name="DoubleToAll/PcmIteratorTest/23" tests="2" failures="0" disabled="0" errors="0" time="0.003">
    <testcase name="iterator_based_copy_test" type_param="vf&lt;double, pcm::compiletime_format&lt;(pcm::number_type)2, (pcm::bitwidth_type)64, (pcm::endian_type)1&gt;, std::vector&lt;double, std::allocator&lt;double&gt; &gt;, std::__cxx11::list&lt;unsigned char, std::allocator&lt;unsigned char&gt; &gt;, std::vector&lt;double, std::allocator&lt;double&gt; &gt; &gt;" status="run" time="0.001" classname="DoubleToAll/PcmIteratorTest/23" />
    <testcase name="range_based_copy_test" type_param="vf&lt;double, pcm::compiletime_format&lt;(pcm::number_type)2, (pcm::bitwidth_type)64, (pcm::endian_type)1&gt;, std::vector&lt;double, std::allocator&lt;double&gt; &gt;, std::__cxx11::list&lt;unsigned char, std::allocator&lt;unsigned char&gt; &gt;, std::vector&lt;double, std::allocator&lt;double&gt; &gt; &gt;" status="run" time="0.002" classname="DoubleToAll/PcmIteratorTest/23" />
  </testsuite>
  <testsuite name="tuple_find_test" tests="6" failures="0" disabled="0" errors="0" time="0">
    <testcase name="empty" status="run" time="0" classname="tuple_find_test" />
    <testcase name="single_element_one_match" status="run" time="0" classname="tuple_find_test" />
    <testcase name="single_element_no_matches" status="run" time="0" classname="tuple_find_test" />
    <testcase name="multiple_elements_one_match" status="run" time="0" classname="tuple_find_test" />
    <testcase name="multiple_elements_two_matches" status="run" time="0" classname="tuple_find_test" />
    <testcase name="multiple_elements_no_matches" status="run" time="0" classname="tuple_find_test" />
  </testsuite>
  <testsuite name="tuple_to_array_test" tests="8" failures="0" disabled="0" errors="0" time="0">
    <testcase name="empty" status="run" time="0" classname="tuple_to_array_test" />
    <testcase name="trivial" status="run" time="0" classname="tuple_to_array_test" />
    <testcase name="implicit_conversion" status="run" time="0" classname="tuple_to_array_test" />
    <testcase name="implicit_conversion_different_types" status="run" time="0" classname="tuple_to_array_test" />
    <testcase name="narrowing_conversions" status="run" time="0" classname="tuple_to_array_test" />
    <testcase name="hidden_feature_std_pair" status="run" time="0" classname="tuple_to_array_test" />
    <testcase name="types_match" status="run" time="0" classname="tuple_to_array_test" />
    <testcase name="elements_are_moved_when_tuple_is_rvalue_ref" status="run" time="0" classname="tuple_to_array_test" />
  </testsuite>
</testsuites>
